<?xml version="1.0" encoding="UTF-8"?>
<testsuite name="com.kodilla.testing.shape.ShapeCollectorTestSuite" tests="4" skipped="0" failures="4" errors="0" timestamp="2019-11-12T17:25:26" hostname="LAPTOP-B9UVV4I7" time="0.008">
  <properties/>
  <testcase name="testShowFigures" classname="com.kodilla.testing.shape.ShapeCollectorTestSuite" time="0.003">
    <failure message="java.lang.StackOverflowError" type="java.lang.StackOverflowError">java.lang.StackOverflowError
	at com.kodilla.testing.shape.Circle.&lt;init&gt;(Circle.java:10)
	at com.kodilla.testing.shape.Circle.&lt;init&gt;(Circle.java:14)
	at com.kodilla.testing.shape.Circle.&lt;init&gt;(Circle.java:14)
	at com.kodilla.testing.shape.Circle.&lt;init&gt;(Circle.java:14)
	at com.kodilla.testing.shape.Circle.&lt;init&gt;(Circle.java:14)
	at com.kodilla.testing.shape.Circle.&lt;init&gt;(Circle.java:14)
	at com.kodilla.testing.shape.Circle.&lt;init&gt;(Circle.java:14)
	at com.kodilla.testing.shape.Circle.&lt;init&gt;(Circle.java:14)
	at com.kodilla.testing.shape.Circle.&lt;init&gt;(Circle.java:14)
	at com.kodilla.testing.shape.Circle.&lt;init&gt;(Circle.java:14)
	at com.kodilla.testing.shape.Circle.&lt;init&gt;(Circle.java:14)
	at com.kodilla.testing.shape.Circle.&lt;init&gt;(Circle.java:14)
	at com.kodilla.testing.shape.Circle.&lt;init&gt;(Circle.java:14)
	at com.kodilla.testing.shape.Circle.&lt;init&gt;(Circle.java:14)
	at com.kodilla.testing.shape.Circle.&lt;init&gt;(Circle.java:14)
	at com.kodilla.testing.shape.Circle.&lt;init&gt;(Circle.java:14)
	at com.kodilla.testing.shape.Circle.&lt;init&gt;(Circle.java:14)
	at com.kodilla.testing.shape.Circle.&lt;init&gt;(Circle.java:14)
	at com.kodilla.testing.shape.Circle.&lt;init&gt;(Circle.java:14)
	at com.kodilla.testing.shape.Circle.&lt;init&gt;(Circle.java:14)
	at com.kodilla.testing.shape.Circle.&lt;init&gt;(Circle.java:14)
	at com.kodilla.testing.shape.Circle.&lt;init&gt;(Circle.java:14)
	at com.kodilla.testing.shape.Circle.&lt;init&gt;(Circle.java:14)
	at com.kodilla.testing.shape.Circle.&lt;init&gt;(Circle.java:14)
	at com.kodilla.testing.shape.Circle.&lt;init&gt;(Circle.java:14)
	at com.kodilla.testing.shape.Circle.&lt;init&gt;(Circle.java:14)
	at com.kodilla.testing.shape.Circle.&lt;init&gt;(Circle.java:14)
	at com.kodilla.testing.shape.Circle.&lt;init&gt;(Circle.java:14)
	at com.kodilla.testing.shape.Circle.&lt;init&gt;(Circle.java:14)
	at com.kodilla.testing.shape.Circle.&lt;init&gt;(Circle.java:14)
	at com.kodilla.testing.shape.Circle.&lt;init&gt;(Circle.java:14)
	at com.kodilla.testing.shape.Circle.&lt;init&gt;(Circle.java:14)
	at com.kodilla.testing.shape.Circle.&lt;init&gt;(Circle.java:14)
	at com.kodilla.testing.shape.Circle.&lt;init&gt;(Circle.java:14)
	at com.kodilla.testing.shape.Circle.&lt;init&gt;(Circle.java:14)
	at com.kodilla.testing.shape.Circle.&lt;init&gt;(Circle.java:14)
	at com.kodilla.testing.shape.Circle.&lt;init&gt;(Circle.java:14)
	at com.kodilla.testing.shape.Circle.&lt;init&gt;(Circle.java:14)
	at com.kodilla.testing.shape.Circle.&lt;init&gt;(Circle.java:14)
	at com.kodilla.testing.shape.Circle.&lt;init&gt;(Circle.java:14)
	at com.kodilla.testing.shape.Circle.&lt;init&gt;(Circle.java:14)
	at com.kodilla.testing.shape.Circle.&lt;init&gt;(Circle.java:14)
	at com.kodilla.testing.shape.Circle.&lt;init&gt;(Circle.java:14)
	at com.kodilla.testing.shape.Circle.&lt;init&gt;(Circle.java:14)
	at com.kodilla.testing.shape.Circle.&lt;init&gt;(Circle.java:14)
	at com.kodilla.testing.shape.Circle.&lt;init&gt;(Circle.java:14)
	at com.kodilla.testing.shape.Circle.&lt;init&gt;(Circle.java:14)
	at com.kodilla.testing.shape.Circle.&lt;init&gt;(Circle.java:14)
	at com.kodilla.testing.shape.Circle.&lt;init&gt;(Circle.java:14)
	at com.kodilla.testing.shape.Circle.&lt;init&gt;(Circle.java:14)
	at com.kodilla.testing.shape.Circle.&lt;init&gt;(Circle.java:14)
	at com.kodilla.testing.shape.Circle.&lt;init&gt;(Circle.java:14)
	at com.kodilla.testing.shape.Circle.&lt;init&gt;(Circle.java:14)
	at com.kodilla.testing.shape.Circle.&lt;init&gt;(Circle.java:14)
	at com.kodilla.testing.shape.Circle.&lt;init&gt;(Circle.java:14)
	at com.kodilla.testing.shape.Circle.&lt;init&gt;(Circle.java:14)
	at com.kodilla.testing.shape.Circle.&lt;init&gt;(Circle.java:14)
	at com.kodilla.testing.shape.Circle.&lt;init&gt;(Circle.java:14)
	at com.kodilla.testing.shape.Circle.&lt;init&gt;(Circle.java:14)
	at com.kodilla.testing.shape.Circle.&lt;init&gt;(Circle.java:14)
	at com.kodilla.testing.shape.Circle.&lt;init&gt;(Circle.java:14)
	at com.kodilla.testing.shape.Circle.&lt;init&gt;(Circle.java:14)
	at com.kodilla.testing.shape.Circle.&lt;init&gt;(Circle.java:14)
	at com.kodilla.testing.shape.Circle.&lt;init&gt;(Circle.java:14)
	at com.kodilla.testing.shape.Circle.&lt;init&gt;(Circle.java:14)
	at com.kodilla.testing.shape.Circle.&lt;init&gt;(Circle.java:14)
	at com.kodilla.testing.shape.Circle.&lt;init&gt;(Circle.java:14)
	at com.kodilla.testing.shape.Circle.&lt;init&gt;(Circle.java:14)
	at com.kodilla.testing.shape.Circle.&lt;init&gt;(Circle.java:14)
	at com.kodilla.testing.shape.Circle.&lt;init&gt;(Circle.java:14)
	at com.kodilla.testing.shape.Circle.&lt;init&gt;(Circle.java:14)
	at com.kodilla.testing.shape.Circle.&lt;init&gt;(Circle.java:14)
	at com.kodilla.testing.shape.Circle.&lt;init&gt;(Circle.java:14)
	at com.kodilla.testing.shape.Circle.&lt;init&gt;(Circle.java:14)
	at com.kodilla.testing.shape.Circle.&lt;init&gt;(Circle.java:14)
	at com.kodilla.testing.shape.Circle.&lt;init&gt;(Circle.java:14)
	at com.kodilla.testing.shape.Circle.&lt;init&gt;(Circle.java:14)
	at com.kodilla.testing.shape.Circle.&lt;init&gt;(Circle.java:14)
	at com.kodilla.testing.shape.Circle.&lt;init&gt;(Circle.java:14)
	at com.kodilla.testing.shape.Circle.&lt;init&gt;(Circle.java:14)
	at com.kodilla.testing.shape.Circle.&lt;init&gt;(Circle.java:14)
	at com.kodilla.testing.shape.Circle.&lt;init&gt;(Circle.java:14)
	at com.kodilla.testing.shape.Circle.&lt;init&gt;(Circle.java:14)
	at com.kodilla.testing.shape.Circle.&lt;init&gt;(Circle.java:14)
	at com.kodilla.testing.shape.Circle.&lt;init&gt;(Circle.java:14)
	at com.kodilla.testing.shape.Circle.&lt;init&gt;(Circle.java:14)
	at com.kodilla.testing.shape.Circle.&lt;init&gt;(Circle.java:14)
	at com.kodilla.testing.shape.Circle.&lt;init&gt;(Circle.java:14)
	at com.kodilla.testing.shape.Circle.&lt;init&gt;(Circle.java:14)
	at com.kodilla.testing.shape.Circle.&lt;init&gt;(Circle.java:14)
	at com.kodilla.testing.shape.Circle.&lt;init&gt;(Circle.java:14)
	at com.kodilla.testing.shape.Circle.&lt;init&gt;(Circle.java:14)
	at com.kodilla.testing.shape.Circle.&lt;init&gt;(Circle.java:14)
	at com.kodilla.testing.shape.Circle.&lt;init&gt;(Circle.java:14)
	at com.kodilla.testing.shape.Circle.&lt;init&gt;(Circle.java:14)
	at com.kodilla.testing.shape.Circle.&lt;init&gt;(Circle.java:14)
	at com.kodilla.testing.shape.Circle.&lt;init&gt;(Circle.java:14)
	at com.kodilla.testing.shape.Circle.&lt;init&gt;(Circle.java:14)
	at com.kodilla.testing.shape.Circle.&lt;init&gt;(Circle.java:14)
	at com.kodilla.testing.shape.Circle.&lt;init&gt;(Circle.java:14)
	at com.kodilla.testing.shape.Circle.&lt;init&gt;(Circle.java:14)
	at com.kodilla.testing.shape.Circle.&lt;init&gt;(Circle.java:14)
	at com.kodilla.testing.shape.Circle.&lt;init&gt;(Circle.java:14)
	at com.kodilla.testing.shape.Circle.&lt;init&gt;(Circle.java:14)
	at com.kodilla.testing.shape.Circle.&lt;init&gt;(Circle.java:14)
	at com.kodilla.testing.shape.Circle.&lt;init&gt;(Circle.java:14)
	at com.kodilla.testing.shape.Circle.&lt;init&gt;(Circle.java:14)
	at com.kodilla.testing.shape.Circle.&lt;init&gt;(Circle.java:14)
	at com.kodilla.testing.shape.Circle.&lt;init&gt;(Circle.java:14)
	at com.kodilla.testing.shape.Circle.&lt;init&gt;(Circle.java:14)
	at com.kodilla.testing.shape.Circle.&lt;init&gt;(Circle.java:14)
	at com.kodilla.testing.shape.Circle.&lt;init&gt;(Circle.java:14)
	at com.kodilla.testing.shape.Circle.&lt;init&gt;(Circle.java:14)
	at com.kodilla.testing.shape.Circle.&lt;init&gt;(Circle.java:14)
	at com.kodilla.testing.shape.Circle.&lt;init&gt;(Circle.java:14)
	at com.kodilla.testing.shape.Circle.&lt;init&gt;(Circle.java:14)
	at com.kodilla.testing.shape.Circle.&lt;init&gt;(Circle.java:14)
	at com.kodilla.testing.shape.Circle.&lt;init&gt;(Circle.java:14)
	at com.kodilla.testing.shape.Circle.&lt;init&gt;(Circle.java:14)
	at com.kodilla.testing.shape.Circle.&lt;init&gt;(Circle.java:14)
	at com.kodilla.testing.shape.Circle.&lt;init&gt;(Circle.java:14)
	at com.kodilla.testing.shape.Circle.&lt;init&gt;(Circle.java:14)
	at com.kodilla.testing.shape.Circle.&lt;init&gt;(Circle.java:14)
	at com.kodilla.testing.shape.Circle.&lt;init&gt;(Circle.java:14)
	at com.kodilla.testing.shape.Circle.&lt;init&gt;(Circle.java:14)
	at com.kodilla.testing.shape.Circle.&lt;init&gt;(Circle.java:14)
	at com.kodilla.testing.shape.Circle.&lt;init&gt;(Circle.java:14)
	at com.kodilla.testing.shape.Circle.&lt;init&gt;(Circle.java:14)
	at com.kodilla.testing.shape.Circle.&lt;init&gt;(Circle.java:14)
	at com.kodilla.testing.shape.Circle.&lt;init&gt;(Circle.java:14)
	at com.kodilla.testing.shape.Circle.&lt;init&gt;(Circle.java:14)
	at com.kodilla.testing.shape.Circle.&lt;init&gt;(Circle.java:14)
	at com.kodilla.testing.shape.Circle.&lt;init&gt;(Circle.java:14)
	at com.kodilla.testing.shape.Circle.&lt;init&gt;(Circle.java:14)
	at com.kodilla.testing.shape.Circle.&lt;init&gt;(Circle.java:14)
	at com.kodilla.testing.shape.Circle.&lt;init&gt;(Circle.java:14)
	at com.kodilla.testing.shape.Circle.&lt;init&gt;(Circle.java:14)
	at com.kodilla.testing.shape.Circle.&lt;init&gt;(Circle.java:14)
	at com.kodilla.testing.shape.Circle.&lt;init&gt;(Circle.java:14)
	at com.kodilla.testing.shape.Circle.&lt;init&gt;(Circle.java:14)
	at com.kodilla.testing.shape.Circle.&lt;init&gt;(Circle.java:14)
	at com.kodilla.testing.shape.Circle.&lt;init&gt;(Circle.java:14)
	at com.kodilla.testing.shape.Circle.&lt;init&gt;(Circle.java:14)
	at com.kodilla.testing.shape.Circle.&lt;init&gt;(Circle.java:14)
	at com.kodilla.testing.shape.Circle.&lt;init&gt;(Circle.java:14)
	at com.kodilla.testing.shape.Circle.&lt;init&gt;(Circle.java:14)
	at com.kodilla.testing.shape.Circle.&lt;init&gt;(Circle.java:14)
	at com.kodilla.testing.shape.Circle.&lt;init&gt;(Circle.java:14)
	at com.kodilla.testing.shape.Circle.&lt;init&gt;(Circle.java:14)
	at com.kodilla.testing.shape.Circle.&lt;init&gt;(Circle.java:14)
	at com.kodilla.testing.shape.Circle.&lt;init&gt;(Circle.java:14)
	at com.kodilla.testing.shape.Circle.&lt;init&gt;(Circle.java:14)
	at com.kodilla.testing.shape.Circle.&lt;init&gt;(Circle.java:14)
	at com.kodilla.testing.shape.Circle.&lt;init&gt;(Circle.java:14)
	at com.kodilla.testing.shape.Circle.&lt;init&gt;(Circle.java:14)
	at com.kodilla.testing.shape.Circle.&lt;init&gt;(Circle.java:14)
	at com.kodilla.testing.shape.Circle.&lt;init&gt;(Circle.java:14)
	at com.kodilla.testing.shape.Circle.&lt;init&gt;(Circle.java:14)
	at com.kodilla.testing.shape.Circle.&lt;init&gt;(Circle.java:14)
	at com.kodilla.testing.shape.Circle.&lt;init&gt;(Circle.java:14)
	at com.kodilla.testing.shape.Circle.&lt;init&gt;(Circle.java:14)
	at com.kodilla.testing.shape.Circle.&lt;init&gt;(Circle.java:14)
	at com.kodilla.testing.shape.Circle.&lt;init&gt;(Circle.java:14)
	at com.kodilla.testing.shape.Circle.&lt;init&gt;(Circle.java:14)
	at com.kodilla.testing.shape.Circle.&lt;init&gt;(Circle.java:14)
	at com.kodilla.testing.shape.Circle.&lt;init&gt;(Circle.java:14)
	at com.kodilla.testing.shape.Circle.&lt;init&gt;(Circle.java:14)
	at com.kodilla.testing.shape.Circle.&lt;init&gt;(Circle.java:14)
	at com.kodilla.testing.shape.Circle.&lt;init&gt;(Circle.java:14)
	at com.kodilla.testing.shape.Circle.&lt;init&gt;(Circle.java:14)
	at com.kodilla.testing.shape.Circle.&lt;init&gt;(Circle.java:14)
	at com.kodilla.testing.shape.Circle.&lt;init&gt;(Circle.java:14)
	at com.kodilla.testing.shape.Circle.&lt;init&gt;(Circle.java:14)
	at com.kodilla.testing.shape.Circle.&lt;init&gt;(Circle.java:14)
	at com.kodilla.testing.shape.Circle.&lt;init&gt;(Circle.java:14)
	at com.kodilla.testing.shape.Circle.&lt;init&gt;(Circle.java:14)
	at com.kodilla.testing.shape.Circle.&lt;init&gt;(Circle.java:14)
	at com.kodilla.testing.shape.Circle.&lt;init&gt;(Circle.java:14)
	at com.kodilla.testing.shape.Circle.&lt;init&gt;(Circle.java:14)
	at com.kodilla.testing.shape.Circle.&lt;init&gt;(Circle.java:14)
	at com.kodilla.testing.shape.Circle.&lt;init&gt;(Circle.java:14)
	at com.kodilla.testing.shape.Circle.&lt;init&gt;(Circle.java:14)
	at com.kodilla.testing.shape.Circle.&lt;init&gt;(Circle.java:14)
	at com.kodilla.testing.shape.Circle.&lt;init&gt;(Circle.java:14)
	at com.kodilla.testing.shape.Circle.&lt;init&gt;(Circle.java:14)
	at com.kodilla.testing.shape.Circle.&lt;init&gt;(Circle.java:14)
	at com.kodilla.testing.shape.Circle.&lt;init&gt;(Circle.java:14)
	at com.kodilla.testing.shape.Circle.&lt;init&gt;(Circle.java:14)
	at com.kodilla.testing.shape.Circle.&lt;init&gt;(Circle.java:14)
	at com.kodilla.testing.shape.Circle.&lt;init&gt;(Circle.java:14)
	at com.kodilla.testing.shape.Circle.&lt;init&gt;(Circle.java:14)
	at com.kodilla.testing.shape.Circle.&lt;init&gt;(Circle.java:14)
	at com.kodilla.testing.shape.Circle.&lt;init&gt;(Circle.java:14)
	at com.kodilla.testing.shape.Circle.&lt;init&gt;(Circle.java:14)
	at com.kodilla.testing.shape.Circle.&lt;init&gt;(Circle.java:14)
	at com.kodilla.testing.shape.Circle.&lt;init&gt;(Circle.java:14)
	at com.kodilla.testing.shape.Circle.&lt;init&gt;(Circle.java:14)
	at com.kodilla.testing.shape.Circle.&lt;init&gt;(Circle.java:14)
	at com.kodilla.testing.shape.Circle.&lt;init&gt;(Circle.java:14)
	at com.kodilla.testing.shape.Circle.&lt;init&gt;(Circle.java:14)
	at com.kodilla.testing.shape.Circle.&lt;init&gt;(Circle.java:14)
	at com.kodilla.testing.shape.Circle.&lt;init&gt;(Circle.java:14)
	at com.kodilla.testing.shape.Circle.&lt;init&gt;(Circle.java:14)
	at com.kodilla.testing.shape.Circle.&lt;init&gt;(Circle.java:14)
	at com.kodilla.testing.shape.Circle.&lt;init&gt;(Circle.java:14)
	at com.kodilla.testing.shape.Circle.&lt;init&gt;(Circle.java:14)
	at com.kodilla.testing.shape.Circle.&lt;init&gt;(Circle.java:14)
	at com.kodilla.testing.shape.Circle.&lt;init&gt;(Circle.java:14)
	at com.kodilla.testing.shape.Circle.&lt;init&gt;(Circle.java:14)
	at com.kodilla.testing.shape.Circle.&lt;init&gt;(Circle.java:14)
	at com.kodilla.testing.shape.Circle.&lt;init&gt;(Circle.java:14)
	at com.kodilla.testing.shape.Circle.&lt;init&gt;(Circle.java:14)
	at com.kodilla.testing.shape.Circle.&lt;init&gt;(Circle.java:14)
	at com.kodilla.testing.shape.Circle.&lt;init&gt;(Circle.java:14)
	at com.kodilla.testing.shape.Circle.&lt;init&gt;(Circle.java:14)
	at com.kodilla.testing.shape.Circle.&lt;init&gt;(Circle.java:14)
	at com.kodilla.testing.shape.Circle.&lt;init&gt;(Circle.java:14)
	at com.kodilla.testing.shape.Circle.&lt;init&gt;(Circle.java:14)
	at com.kodilla.testing.shape.Circle.&lt;init&gt;(Circle.java:14)
	at com.kodilla.testing.shape.Circle.&lt;init&gt;(Circle.java:14)
	at com.kodilla.testing.shape.Circle.&lt;init&gt;(Circle.java:14)
	at com.kodilla.testing.shape.Circle.&lt;init&gt;(Circle.java:14)
	at com.kodilla.testing.shape.Circle.&lt;init&gt;(Circle.java:14)
	at com.kodilla.testing.shape.Circle.&lt;init&gt;(Circle.java:14)
	at com.kodilla.testing.shape.Circle.&lt;init&gt;(Circle.java:14)
	at com.kodilla.testing.shape.Circle.&lt;init&gt;(Circle.java:14)
	at com.kodilla.testing.shape.Circle.&lt;init&gt;(Circle.java:14)
	at com.kodilla.testing.shape.Circle.&lt;init&gt;(Circle.java:14)
	at com.kodilla.testing.shape.Circle.&lt;init&gt;(Circle.java:14)
	at com.kodilla.testing.shape.Circle.&lt;init&gt;(Circle.java:14)
	at com.kodilla.testing.shape.Circle.&lt;init&gt;(Circle.java:14)
	at com.kodilla.testing.shape.Circle.&lt;init&gt;(Circle.java:14)
	at com.kodilla.testing.shape.Circle.&lt;init&gt;(Circle.java:14)
	at com.kodilla.testing.shape.Circle.&lt;init&gt;(Circle.java:14)
	at com.kodilla.testing.shape.Circle.&lt;init&gt;(Circle.java:14)
	at com.kodilla.testing.shape.Circle.&lt;init&gt;(Circle.java:14)
	at com.kodilla.testing.shape.Circle.&lt;init&gt;(Circle.java:14)
	at com.kodilla.testing.shape.Circle.&lt;init&gt;(Circle.java:14)
	at com.kodilla.testing.shape.Circle.&lt;init&gt;(Circle.java:14)
	at com.kodilla.testing.shape.Circle.&lt;init&gt;(Circle.java:14)
	at com.kodilla.testing.shape.Circle.&lt;init&gt;(Circle.java:14)
	at com.kodilla.testing.shape.Circle.&lt;init&gt;(Circle.java:14)
	at com.kodilla.testing.shape.Circle.&lt;init&gt;(Circle.java:14)
	at com.kodilla.testing.shape.Circle.&lt;init&gt;(Circle.java:14)
	at com.kodilla.testing.shape.Circle.&lt;init&gt;(Circle.java:14)
	at com.kodilla.testing.shape.Circle.&lt;init&gt;(Circle.java:14)
	at com.kodilla.testing.shape.Circle.&lt;init&gt;(Circle.java:14)
	at com.kodilla.testing.shape.Circle.&lt;init&gt;(Circle.java:14)
	at com.kodilla.testing.shape.Circle.&lt;init&gt;(Circle.java:14)
	at com.kodilla.testing.shape.Circle.&lt;init&gt;(Circle.java:14)
	at com.kodilla.testing.shape.Circle.&lt;init&gt;(Circle.java:14)
	at com.kodilla.testing.shape.Circle.&lt;init&gt;(Circle.java:14)
	at com.kodilla.testing.shape.Circle.&lt;init&gt;(Circle.java:14)
	at com.kodilla.testing.shape.Circle.&lt;init&gt;(Circle.java:14)
	at com.kodilla.testing.shape.Circle.&lt;init&gt;(Circle.java:14)
	at com.kodilla.testing.shape.Circle.&lt;init&gt;(Circle.java:14)
	at com.kodilla.testing.shape.Circle.&lt;init&gt;(Circle.java:14)
	at com.kodilla.testing.shape.Circle.&lt;init&gt;(Circle.java:14)
	at com.kodilla.testing.shape.Circle.&lt;init&gt;(Circle.java:14)
	at com.kodilla.testing.shape.Circle.&lt;init&gt;(Circle.java:14)
	at com.kodilla.testing.shape.Circle.&lt;init&gt;(Circle.java:14)
	at com.kodilla.testing.shape.Circle.&lt;init&gt;(Circle.java:14)
	at com.kodilla.testing.shape.Circle.&lt;init&gt;(Circle.java:14)
	at com.kodilla.testing.shape.Circle.&lt;init&gt;(Circle.java:14)
	at com.kodilla.testing.shape.Circle.&lt;init&gt;(Circle.java:14)
	at com.kodilla.testing.shape.Circle.&lt;init&gt;(Circle.java:14)
	at com.kodilla.testing.shape.Circle.&lt;init&gt;(Circle.java:14)
	at com.kodilla.testing.shape.Circle.&lt;init&gt;(Circle.java:14)
	at com.kodilla.testing.shape.Circle.&lt;init&gt;(Circle.java:14)
	at com.kodilla.testing.shape.Circle.&lt;init&gt;(Circle.java:14)
	at com.kodilla.testing.shape.Circle.&lt;init&gt;(Circle.java:14)
	at com.kodilla.testing.shape.Circle.&lt;init&gt;(Circle.java:14)
	at com.kodilla.testing.shape.Circle.&lt;init&gt;(Circle.java:14)
	at com.kodilla.testing.shape.Circle.&lt;init&gt;(Circle.java:14)
	at com.kodilla.testing.shape.Circle.&lt;init&gt;(Circle.java:14)
	at com.kodilla.testing.shape.Circle.&lt;init&gt;(Circle.java:14)
	at com.kodilla.testing.shape.Circle.&lt;init&gt;(Circle.java:14)
	at com.kodilla.testing.shape.Circle.&lt;init&gt;(Circle.java:14)
	at com.kodilla.testing.shape.Circle.&lt;init&gt;(Circle.java:14)
	at com.kodilla.testing.shape.Circle.&lt;init&gt;(Circle.java:14)
	at com.kodilla.testing.shape.Circle.&lt;init&gt;(Circle.java:14)
	at com.kodilla.testing.shape.Circle.&lt;init&gt;(Circle.java:14)
	at com.kodilla.testing.shape.Circle.&lt;init&gt;(Circle.java:14)
	at com.kodilla.testing.shape.Circle.&lt;init&gt;(Circle.java:14)
	at com.kodilla.testing.shape.Circle.&lt;init&gt;(Circle.java:14)
	at com.kodilla.testing.shape.Circle.&lt;init&gt;(Circle.java:14)
	at com.kodilla.testing.shape.Circle.&lt;init&gt;(Circle.java:14)
	at com.kodilla.testing.shape.Circle.&lt;init&gt;(Circle.java:14)
	at com.kodilla.testing.shape.Circle.&lt;init&gt;(Circle.java:14)
	at com.kodilla.testing.shape.Circle.&lt;init&gt;(Circle.java:14)
	at com.kodilla.testing.shape.Circle.&lt;init&gt;(Circle.java:14)
	at com.kodilla.testing.shape.Circle.&lt;init&gt;(Circle.java:14)
	at com.kodilla.testing.shape.Circle.&lt;init&gt;(Circle.java:14)
	at com.kodilla.testing.shape.Circle.&lt;init&gt;(Circle.java:14)
	at com.kodilla.testing.shape.Circle.&lt;init&gt;(Circle.java:14)
	at com.kodilla.testing.shape.Circle.&lt;init&gt;(Circle.java:14)
	at com.kodilla.testing.shape.Circle.&lt;init&gt;(Circle.java:14)
	at com.kodilla.testing.shape.Circle.&lt;init&gt;(Circle.java:14)
	at com.kodilla.testing.shape.Circle.&lt;init&gt;(Circle.java:14)
	at com.kodilla.testing.shape.Circle.&lt;init&gt;(Circle.java:14)
	at com.kodilla.testing.shape.Circle.&lt;init&gt;(Circle.java:14)
	at com.kodilla.testing.shape.Circle.&lt;init&gt;(Circle.java:14)
	at com.kodilla.testing.shape.Circle.&lt;init&gt;(Circle.java:14)
	at com.kodilla.testing.shape.Circle.&lt;init&gt;(Circle.java:14)
	at com.kodilla.testing.shape.Circle.&lt;init&gt;(Circle.java:14)
	at com.kodilla.testing.shape.Circle.&lt;init&gt;(Circle.java:14)
	at com.kodilla.testing.shape.Circle.&lt;init&gt;(Circle.java:14)
	at com.kodilla.testing.shape.Circle.&lt;init&gt;(Circle.java:14)
	at com.kodilla.testing.shape.Circle.&lt;init&gt;(Circle.java:14)
	at com.kodilla.testing.shape.Circle.&lt;init&gt;(Circle.java:14)
	at com.kodilla.testing.shape.Circle.&lt;init&gt;(Circle.java:14)
	at com.kodilla.testing.shape.Circle.&lt;init&gt;(Circle.java:14)
	at com.kodilla.testing.shape.Circle.&lt;init&gt;(Circle.java:14)
	at com.kodilla.testing.shape.Circle.&lt;init&gt;(Circle.java:14)
	at com.kodilla.testing.shape.Circle.&lt;init&gt;(Circle.java:14)
	at com.kodilla.testing.shape.Circle.&lt;init&gt;(Circle.java:14)
	at com.kodilla.testing.shape.Circle.&lt;init&gt;(Circle.java:14)
	at com.kodilla.testing.shape.Circle.&lt;init&gt;(Circle.java:14)
	at com.kodilla.testing.shape.Circle.&lt;init&gt;(Circle.java:14)
	at com.kodilla.testing.shape.Circle.&lt;init&gt;(Circle.java:14)
	at com.kodilla.testing.shape.Circle.&lt;init&gt;(Circle.java:14)
	at com.kodilla.testing.shape.Circle.&lt;init&gt;(Circle.java:14)
	at com.kodilla.testing.shape.Circle.&lt;init&gt;(Circle.java:14)
	at com.kodilla.testing.shape.Circle.&lt;init&gt;(Circle.java:14)
	at com.kodilla.testing.shape.Circle.&lt;init&gt;(Circle.java:14)
	at com.kodilla.testing.shape.Circle.&lt;init&gt;(Circle.java:14)
	at com.kodilla.testing.shape.Circle.&lt;init&gt;(Circle.java:14)
	at com.kodilla.testing.shape.Circle.&lt;init&gt;(Circle.java:14)
	at com.kodilla.testing.shape.Circle.&lt;init&gt;(Circle.java:14)
	at com.kodilla.testing.shape.Circle.&lt;init&gt;(Circle.java:14)
	at com.kodilla.testing.shape.Circle.&lt;init&gt;(Circle.java:14)
	at com.kodilla.testing.shape.Circle.&lt;init&gt;(Circle.java:14)
	at com.kodilla.testing.shape.Circle.&lt;init&gt;(Circle.java:14)
	at com.kodilla.testing.shape.Circle.&lt;init&gt;(Circle.java:14)
	at com.kodilla.testing.shape.Circle.&lt;init&gt;(Circle.java:14)
	at com.kodilla.testing.shape.Circle.&lt;init&gt;(Circle.java:14)
	at com.kodilla.testing.shape.Circle.&lt;init&gt;(Circle.java:14)
	at com.kodilla.testing.shape.Circle.&lt;init&gt;(Circle.java:14)
	at com.kodilla.testing.shape.Circle.&lt;init&gt;(Circle.java:14)
	at com.kodilla.testing.shape.Circle.&lt;init&gt;(Circle.java:14)
	at com.kodilla.testing.shape.Circle.&lt;init&gt;(Circle.java:14)
	at com.kodilla.testing.shape.Circle.&lt;init&gt;(Circle.java:14)
	at com.kodilla.testing.shape.Circle.&lt;init&gt;(Circle.java:14)
	at com.kodilla.testing.shape.Circle.&lt;init&gt;(Circle.java:14)
	at com.kodilla.testing.shape.Circle.&lt;init&gt;(Circle.java:14)
	at com.kodilla.testing.shape.Circle.&lt;init&gt;(Circle.java:14)
	at com.kodilla.testing.shape.Circle.&lt;init&gt;(Circle.java:14)
	at com.kodilla.testing.shape.Circle.&lt;init&gt;(Circle.java:14)
	at com.kodilla.testing.shape.Circle.&lt;init&gt;(Circle.java:14)
	at com.kodilla.testing.shape.Circle.&lt;init&gt;(Circle.java:14)
	at com.kodilla.testing.shape.Circle.&lt;init&gt;(Circle.java:14)
	at com.kodilla.testing.shape.Circle.&lt;init&gt;(Circle.java:14)
	at com.kodilla.testing.shape.Circle.&lt;init&gt;(Circle.java:14)
	at com.kodilla.testing.shape.Circle.&lt;init&gt;(Circle.java:14)
	at com.kodilla.testing.shape.Circle.&lt;init&gt;(Circle.java:14)
	at com.kodilla.testing.shape.Circle.&lt;init&gt;(Circle.java:14)
	at com.kodilla.testing.shape.Circle.&lt;init&gt;(Circle.java:14)
	at com.kodilla.testing.shape.Circle.&lt;init&gt;(Circle.java:14)
	at com.kodilla.testing.shape.Circle.&lt;init&gt;(Circle.java:14)
	at com.kodilla.testing.shape.Circle.&lt;init&gt;(Circle.java:14)
	at com.kodilla.testing.shape.Circle.&lt;init&gt;(Circle.java:14)
	at com.kodilla.testing.shape.Circle.&lt;init&gt;(Circle.java:14)
	at com.kodilla.testing.shape.Circle.&lt;init&gt;(Circle.java:14)
	at com.kodilla.testing.shape.Circle.&lt;init&gt;(Circle.java:14)
	at com.kodilla.testing.shape.Circle.&lt;init&gt;(Circle.java:14)
	at com.kodilla.testing.shape.Circle.&lt;init&gt;(Circle.java:14)
	at com.kodilla.testing.shape.Circle.&lt;init&gt;(Circle.java:14)
	at com.kodilla.testing.shape.Circle.&lt;init&gt;(Circle.java:14)
	at com.kodilla.testing.shape.Circle.&lt;init&gt;(Circle.java:14)
	at com.kodilla.testing.shape.Circle.&lt;init&gt;(Circle.java:14)
	at com.kodilla.testing.shape.Circle.&lt;init&gt;(Circle.java:14)
	at com.kodilla.testing.shape.Circle.&lt;init&gt;(Circle.java:14)
	at com.kodilla.testing.shape.Circle.&lt;init&gt;(Circle.java:14)
	at com.kodilla.testing.shape.Circle.&lt;init&gt;(Circle.java:14)
	at com.kodilla.testing.shape.Circle.&lt;init&gt;(Circle.java:14)
	at com.kodilla.testing.shape.Circle.&lt;init&gt;(Circle.java:14)
	at com.kodilla.testing.shape.Circle.&lt;init&gt;(Circle.java:14)
	at com.kodilla.testing.shape.Circle.&lt;init&gt;(Circle.java:14)
	at com.kodilla.testing.shape.Circle.&lt;init&gt;(Circle.java:14)
	at com.kodilla.testing.shape.Circle.&lt;init&gt;(Circle.java:14)
	at com.kodilla.testing.shape.Circle.&lt;init&gt;(Circle.java:14)
	at com.kodilla.testing.shape.Circle.&lt;init&gt;(Circle.java:14)
	at com.kodilla.testing.shape.Circle.&lt;init&gt;(Circle.java:14)
	at com.kodilla.testing.shape.Circle.&lt;init&gt;(Circle.java:14)
	at com.kodilla.testing.shape.Circle.&lt;init&gt;(Circle.java:14)
	at com.kodilla.testing.shape.Circle.&lt;init&gt;(Circle.java:14)
	at com.kodilla.testing.shape.Circle.&lt;init&gt;(Circle.java:14)
	at com.kodilla.testing.shape.Circle.&lt;init&gt;(Circle.java:14)
	at com.kodilla.testing.shape.Circle.&lt;init&gt;(Circle.java:14)
	at com.kodilla.testing.shape.Circle.&lt;init&gt;(Circle.java:14)
	at com.kodilla.testing.shape.Circle.&lt;init&gt;(Circle.java:14)
	at com.kodilla.testing.shape.Circle.&lt;init&gt;(Circle.java:14)
	at com.kodilla.testing.shape.Circle.&lt;init&gt;(Circle.java:14)
	at com.kodilla.testing.shape.Circle.&lt;init&gt;(Circle.java:14)
	at com.kodilla.testing.shape.Circle.&lt;init&gt;(Circle.java:14)
	at com.kodilla.testing.shape.Circle.&lt;init&gt;(Circle.java:14)
	at com.kodilla.testing.shape.Circle.&lt;init&gt;(Circle.java:14)
	at com.kodilla.testing.shape.Circle.&lt;init&gt;(Circle.java:14)
	at com.kodilla.testing.shape.Circle.&lt;init&gt;(Circle.java:14)
	at com.kodilla.testing.shape.Circle.&lt;init&gt;(Circle.java:14)
	at com.kodilla.testing.shape.Circle.&lt;init&gt;(Circle.java:14)
	at com.kodilla.testing.shape.Circle.&lt;init&gt;(Circle.java:14)
	at com.kodilla.testing.shape.Circle.&lt;init&gt;(Circle.java:14)
	at com.kodilla.testing.shape.Circle.&lt;init&gt;(Circle.java:14)
	at com.kodilla.testing.shape.Circle.&lt;init&gt;(Circle.java:14)
	at com.kodilla.testing.shape.Circle.&lt;init&gt;(Circle.java:14)
	at com.kodilla.testing.shape.Circle.&lt;init&gt;(Circle.java:14)
	at com.kodilla.testing.shape.Circle.&lt;init&gt;(Circle.java:14)
	at com.kodilla.testing.shape.Circle.&lt;init&gt;(Circle.java:14)
	at com.kodilla.testing.shape.Circle.&lt;init&gt;(Circle.java:14)
	at com.kodilla.testing.shape.Circle.&lt;init&gt;(Circle.java:14)
	at com.kodilla.testing.shape.Circle.&lt;init&gt;(Circle.java:14)
	at com.kodilla.testing.shape.Circle.&lt;init&gt;(Circle.java:14)
	at com.kodilla.testing.shape.Circle.&lt;init&gt;(Circle.java:14)
	at com.kodilla.testing.shape.Circle.&lt;init&gt;(Circle.java:14)
	at com.kodilla.testing.shape.Circle.&lt;init&gt;(Circle.java:14)
	at com.kodilla.testing.shape.Circle.&lt;init&gt;(Circle.java:14)
	at com.kodilla.testing.shape.Circle.&lt;init&gt;(Circle.java:14)
	at com.kodilla.testing.shape.Circle.&lt;init&gt;(Circle.java:14)
	at com.kodilla.testing.shape.Circle.&lt;init&gt;(Circle.java:14)
	at com.kodilla.testing.shape.Circle.&lt;init&gt;(Circle.java:14)
	at com.kodilla.testing.shape.Circle.&lt;init&gt;(Circle.java:14)
	at com.kodilla.testing.shape.Circle.&lt;init&gt;(Circle.java:14)
	at com.kodilla.testing.shape.Circle.&lt;init&gt;(Circle.java:14)
	at com.kodilla.testing.shape.Circle.&lt;init&gt;(Circle.java:14)
	at com.kodilla.testing.shape.Circle.&lt;init&gt;(Circle.java:14)
	at com.kodilla.testing.shape.Circle.&lt;init&gt;(Circle.java:14)
	at com.kodilla.testing.shape.Circle.&lt;init&gt;(Circle.java:14)
	at com.kodilla.testing.shape.Circle.&lt;init&gt;(Circle.java:14)
	at com.kodilla.testing.shape.Circle.&lt;init&gt;(Circle.java:14)
	at com.kodilla.testing.shape.Circle.&lt;init&gt;(Circle.java:14)
	at com.kodilla.testing.shape.Circle.&lt;init&gt;(Circle.java:14)
	at com.kodilla.testing.shape.Circle.&lt;init&gt;(Circle.java:14)
	at com.kodilla.testing.shape.Circle.&lt;init&gt;(Circle.java:14)
	at com.kodilla.testing.shape.Circle.&lt;init&gt;(Circle.java:14)
	at com.kodilla.testing.shape.Circle.&lt;init&gt;(Circle.java:14)
	at com.kodilla.testing.shape.Circle.&lt;init&gt;(Circle.java:14)
	at com.kodilla.testing.shape.Circle.&lt;init&gt;(Circle.java:14)
	at com.kodilla.testing.shape.Circle.&lt;init&gt;(Circle.java:14)
	at com.kodilla.testing.shape.Circle.&lt;init&gt;(Circle.java:14)
	at com.kodilla.testing.shape.Circle.&lt;init&gt;(Circle.java:14)
	at com.kodilla.testing.shape.Circle.&lt;init&gt;(Circle.java:14)
	at com.kodilla.testing.shape.Circle.&lt;init&gt;(Circle.java:14)
	at com.kodilla.testing.shape.Circle.&lt;init&gt;(Circle.java:14)
	at com.kodilla.testing.shape.Circle.&lt;init&gt;(Circle.java:14)
	at com.kodilla.testing.shape.Circle.&lt;init&gt;(Circle.java:14)
	at com.kodilla.testing.shape.Circle.&lt;init&gt;(Circle.java:14)
	at com.kodilla.testing.shape.Circle.&lt;init&gt;(Circle.java:14)
	at com.kodilla.testing.shape.Circle.&lt;init&gt;(Circle.java:14)
	at com.kodilla.testing.shape.Circle.&lt;init&gt;(Circle.java:14)
	at com.kodilla.testing.shape.Circle.&lt;init&gt;(Circle.java:14)
	at com.kodilla.testing.shape.Circle.&lt;init&gt;(Circle.java:14)
	at com.kodilla.testing.shape.Circle.&lt;init&gt;(Circle.java:14)
	at com.kodilla.testing.shape.Circle.&lt;init&gt;(Circle.java:14)
	at com.kodilla.testing.shape.Circle.&lt;init&gt;(Circle.java:14)
	at com.kodilla.testing.shape.Circle.&lt;init&gt;(Circle.java:14)
	at com.kodilla.testing.shape.Circle.&lt;init&gt;(Circle.java:14)
	at com.kodilla.testing.shape.Circle.&lt;init&gt;(Circle.java:14)
	at com.kodilla.testing.shape.Circle.&lt;init&gt;(Circle.java:14)
	at com.kodilla.testing.shape.Circle.&lt;init&gt;(Circle.java:14)
	at com.kodilla.testing.shape.Circle.&lt;init&gt;(Circle.java:14)
	at com.kodilla.testing.shape.Circle.&lt;init&gt;(Circle.java:14)
	at com.kodilla.testing.shape.Circle.&lt;init&gt;(Circle.java:14)
	at com.kodilla.testing.shape.Circle.&lt;init&gt;(Circle.java:14)
	at com.kodilla.testing.shape.Circle.&lt;init&gt;(Circle.java:14)
	at com.kodilla.testing.shape.Circle.&lt;init&gt;(Circle.java:14)
	at com.kodilla.testing.shape.Circle.&lt;init&gt;(Circle.java:14)
	at com.kodilla.testing.shape.Circle.&lt;init&gt;(Circle.java:14)
	at com.kodilla.testing.shape.Circle.&lt;init&gt;(Circle.java:14)
	at com.kodilla.testing.shape.Circle.&lt;init&gt;(Circle.java:14)
	at com.kodilla.testing.shape.Circle.&lt;init&gt;(Circle.java:14)
	at com.kodilla.testing.shape.Circle.&lt;init&gt;(Circle.java:14)
	at com.kodilla.testing.shape.Circle.&lt;init&gt;(Circle.java:14)
	at com.kodilla.testing.shape.Circle.&lt;init&gt;(Circle.java:14)
	at com.kodilla.testing.shape.Circle.&lt;init&gt;(Circle.java:14)
	at com.kodilla.testing.shape.Circle.&lt;init&gt;(Circle.java:14)
	at com.kodilla.testing.shape.Circle.&lt;init&gt;(Circle.java:14)
	at com.kodilla.testing.shape.Circle.&lt;init&gt;(Circle.java:14)
	at com.kodilla.testing.shape.Circle.&lt;init&gt;(Circle.java:14)
	at com.kodilla.testing.shape.Circle.&lt;init&gt;(Circle.java:14)
	at com.kodilla.testing.shape.Circle.&lt;init&gt;(Circle.java:14)
	at com.kodilla.testing.shape.Circle.&lt;init&gt;(Circle.java:14)
	at com.kodilla.testing.shape.Circle.&lt;init&gt;(Circle.java:14)
	at com.kodilla.testing.shape.Circle.&lt;init&gt;(Circle.java:14)
	at com.kodilla.testing.shape.Circle.&lt;init&gt;(Circle.java:14)
	at com.kodilla.testing.shape.Circle.&lt;init&gt;(Circle.java:14)
	at com.kodilla.testing.shape.Circle.&lt;init&gt;(Circle.java:14)
	at com.kodilla.testing.shape.Circle.&lt;init&gt;(Circle.java:14)
	at com.kodilla.testing.shape.Circle.&lt;init&gt;(Circle.java:14)
	at com.kodilla.testing.shape.Circle.&lt;init&gt;(Circle.java:14)
	at com.kodilla.testing.shape.Circle.&lt;init&gt;(Circle.java:14)
	at com.kodilla.testing.shape.Circle.&lt;init&gt;(Circle.java:14)
	at com.kodilla.testing.shape.Circle.&lt;init&gt;(Circle.java:14)
	at com.kodilla.testing.shape.Circle.&lt;init&gt;(Circle.java:14)
	at com.kodilla.testing.shape.Circle.&lt;init&gt;(Circle.java:14)
	at com.kodilla.testing.shape.Circle.&lt;init&gt;(Circle.java:14)
	at com.kodilla.testing.shape.Circle.&lt;init&gt;(Circle.java:14)
	at com.kodilla.testing.shape.Circle.&lt;init&gt;(Circle.java:14)
	at com.kodilla.testing.shape.Circle.&lt;init&gt;(Circle.java:14)
	at com.kodilla.testing.shape.Circle.&lt;init&gt;(Circle.java:14)
	at com.kodilla.testing.shape.Circle.&lt;init&gt;(Circle.java:14)
	at com.kodilla.testing.shape.Circle.&lt;init&gt;(Circle.java:14)
	at com.kodilla.testing.shape.Circle.&lt;init&gt;(Circle.java:14)
	at com.kodilla.testing.shape.Circle.&lt;init&gt;(Circle.java:14)
	at com.kodilla.testing.shape.Circle.&lt;init&gt;(Circle.java:14)
	at com.kodilla.testing.shape.Circle.&lt;init&gt;(Circle.java:14)
	at com.kodilla.testing.shape.Circle.&lt;init&gt;(Circle.java:14)
	at com.kodilla.testing.shape.Circle.&lt;init&gt;(Circle.java:14)
	at com.kodilla.testing.shape.Circle.&lt;init&gt;(Circle.java:14)
	at com.kodilla.testing.shape.Circle.&lt;init&gt;(Circle.java:14)
	at com.kodilla.testing.shape.Circle.&lt;init&gt;(Circle.java:14)
	at com.kodilla.testing.shape.Circle.&lt;init&gt;(Circle.java:14)
	at com.kodilla.testing.shape.Circle.&lt;init&gt;(Circle.java:14)
	at com.kodilla.testing.shape.Circle.&lt;init&gt;(Circle.java:14)
	at com.kodilla.testing.shape.Circle.&lt;init&gt;(Circle.java:14)
	at com.kodilla.testing.shape.Circle.&lt;init&gt;(Circle.java:14)
	at com.kodilla.testing.shape.Circle.&lt;init&gt;(Circle.java:14)
	at com.kodilla.testing.shape.Circle.&lt;init&gt;(Circle.java:14)
	at com.kodilla.testing.shape.Circle.&lt;init&gt;(Circle.java:14)
	at com.kodilla.testing.shape.Circle.&lt;init&gt;(Circle.java:14)
	at com.kodilla.testing.shape.Circle.&lt;init&gt;(Circle.java:14)
	at com.kodilla.testing.shape.Circle.&lt;init&gt;(Circle.java:14)
	at com.kodilla.testing.shape.Circle.&lt;init&gt;(Circle.java:14)
	at com.kodilla.testing.shape.Circle.&lt;init&gt;(Circle.java:14)
	at com.kodilla.testing.shape.Circle.&lt;init&gt;(Circle.java:14)
	at com.kodilla.testing.shape.Circle.&lt;init&gt;(Circle.java:14)
	at com.kodilla.testing.shape.Circle.&lt;init&gt;(Circle.java:14)
	at com.kodilla.testing.shape.Circle.&lt;init&gt;(Circle.java:14)
	at com.kodilla.testing.shape.Circle.&lt;init&gt;(Circle.java:14)
	at com.kodilla.testing.shape.Circle.&lt;init&gt;(Circle.java:14)
	at com.kodilla.testing.shape.Circle.&lt;init&gt;(Circle.java:14)
	at com.kodilla.testing.shape.Circle.&lt;init&gt;(Circle.java:14)
	at com.kodilla.testing.shape.Circle.&lt;init&gt;(Circle.java:14)
	at com.kodilla.testing.shape.Circle.&lt;init&gt;(Circle.java:14)
	at com.kodilla.testing.shape.Circle.&lt;init&gt;(Circle.java:14)
	at com.kodilla.testing.shape.Circle.&lt;init&gt;(Circle.java:14)
	at com.kodilla.testing.shape.Circle.&lt;init&gt;(Circle.java:14)
	at com.kodilla.testing.shape.Circle.&lt;init&gt;(Circle.java:14)
	at com.kodilla.testing.shape.Circle.&lt;init&gt;(Circle.java:14)
	at com.kodilla.testing.shape.Circle.&lt;init&gt;(Circle.java:14)
	at com.kodilla.testing.shape.Circle.&lt;init&gt;(Circle.java:14)
	at com.kodilla.testing.shape.Circle.&lt;init&gt;(Circle.java:14)
	at com.kodilla.testing.shape.Circle.&lt;init&gt;(Circle.java:14)
	at com.kodilla.testing.shape.Circle.&lt;init&gt;(Circle.java:14)
	at com.kodilla.testing.shape.Circle.&lt;init&gt;(Circle.java:14)
	at com.kodilla.testing.shape.Circle.&lt;init&gt;(Circle.java:14)
	at com.kodilla.testing.shape.Circle.&lt;init&gt;(Circle.java:14)
	at com.kodilla.testing.shape.Circle.&lt;init&gt;(Circle.java:14)
	at com.kodilla.testing.shape.Circle.&lt;init&gt;(Circle.java:14)
	at com.kodilla.testing.shape.Circle.&lt;init&gt;(Circle.java:14)
	at com.kodilla.testing.shape.Circle.&lt;init&gt;(Circle.java:14)
	at com.kodilla.testing.shape.Circle.&lt;init&gt;(Circle.java:14)
	at com.kodilla.testing.shape.Circle.&lt;init&gt;(Circle.java:14)
	at com.kodilla.testing.shape.Circle.&lt;init&gt;(Circle.java:14)
	at com.kodilla.testing.shape.Circle.&lt;init&gt;(Circle.java:14)
	at com.kodilla.testing.shape.Circle.&lt;init&gt;(Circle.java:14)
	at com.kodilla.testing.shape.Circle.&lt;init&gt;(Circle.java:14)
	at com.kodilla.testing.shape.Circle.&lt;init&gt;(Circle.java:14)
	at com.kodilla.testing.shape.Circle.&lt;init&gt;(Circle.java:14)
	at com.kodilla.testing.shape.Circle.&lt;init&gt;(Circle.java:14)
	at com.kodilla.testing.shape.Circle.&lt;init&gt;(Circle.java:14)
	at com.kodilla.testing.shape.Circle.&lt;init&gt;(Circle.java:14)
	at com.kodilla.testing.shape.Circle.&lt;init&gt;(Circle.java:14)
	at com.kodilla.testing.shape.Circle.&lt;init&gt;(Circle.java:14)
	at com.kodilla.testing.shape.Circle.&lt;init&gt;(Circle.java:14)
	at com.kodilla.testing.shape.Circle.&lt;init&gt;(Circle.java:14)
	at com.kodilla.testing.shape.Circle.&lt;init&gt;(Circle.java:14)
	at com.kodilla.testing.shape.Circle.&lt;init&gt;(Circle.java:14)
	at com.kodilla.testing.shape.Circle.&lt;init&gt;(Circle.java:14)
	at com.kodilla.testing.shape.Circle.&lt;init&gt;(Circle.java:14)
	at com.kodilla.testing.shape.Circle.&lt;init&gt;(Circle.java:14)
	at com.kodilla.testing.shape.Circle.&lt;init&gt;(Circle.java:14)
	at com.kodilla.testing.shape.Circle.&lt;init&gt;(Circle.java:14)
	at com.kodilla.testing.shape.Circle.&lt;init&gt;(Circle.java:14)
	at com.kodilla.testing.shape.Circle.&lt;init&gt;(Circle.java:14)
	at com.kodilla.testing.shape.Circle.&lt;init&gt;(Circle.java:14)
	at com.kodilla.testing.shape.Circle.&lt;init&gt;(Circle.java:14)
	at com.kodilla.testing.shape.Circle.&lt;init&gt;(Circle.java:14)
	at com.kodilla.testing.shape.Circle.&lt;init&gt;(Circle.java:14)
	at com.kodilla.testing.shape.Circle.&lt;init&gt;(Circle.java:14)
	at com.kodilla.testing.shape.Circle.&lt;init&gt;(Circle.java:14)
	at com.kodilla.testing.shape.Circle.&lt;init&gt;(Circle.java:14)
	at com.kodilla.testing.shape.Circle.&lt;init&gt;(Circle.java:14)
	at com.kodilla.testing.shape.Circle.&lt;init&gt;(Circle.java:14)
	at com.kodilla.testing.shape.Circle.&lt;init&gt;(Circle.java:14)
	at com.kodilla.testing.shape.Circle.&lt;init&gt;(Circle.java:14)
	at com.kodilla.testing.shape.Circle.&lt;init&gt;(Circle.java:14)
	at com.kodilla.testing.shape.Circle.&lt;init&gt;(Circle.java:14)
	at com.kodilla.testing.shape.Circle.&lt;init&gt;(Circle.java:14)
	at com.kodilla.testing.shape.Circle.&lt;init&gt;(Circle.java:14)
	at com.kodilla.testing.shape.Circle.&lt;init&gt;(Circle.java:14)
	at com.kodilla.testing.shape.Circle.&lt;init&gt;(Circle.java:14)
	at com.kodilla.testing.shape.Circle.&lt;init&gt;(Circle.java:14)
	at com.kodilla.testing.shape.Circle.&lt;init&gt;(Circle.java:14)
	at com.kodilla.testing.shape.Circle.&lt;init&gt;(Circle.java:14)
	at com.kodilla.testing.shape.Circle.&lt;init&gt;(Circle.java:14)
	at com.kodilla.testing.shape.Circle.&lt;init&gt;(Circle.java:14)
	at com.kodilla.testing.shape.Circle.&lt;init&gt;(Circle.java:14)
	at com.kodilla.testing.shape.Circle.&lt;init&gt;(Circle.java:14)
	at com.kodilla.testing.shape.Circle.&lt;init&gt;(Circle.java:14)
	at com.kodilla.testing.shape.Circle.&lt;init&gt;(Circle.java:14)
	at com.kodilla.testing.shape.Circle.&lt;init&gt;(Circle.java:14)
	at com.kodilla.testing.shape.Circle.&lt;init&gt;(Circle.java:14)
	at com.kodilla.testing.shape.Circle.&lt;init&gt;(Circle.java:14)
	at com.kodilla.testing.shape.Circle.&lt;init&gt;(Circle.java:14)
	at com.kodilla.testing.shape.Circle.&lt;init&gt;(Circle.java:14)
	at com.kodilla.testing.shape.Circle.&lt;init&gt;(Circle.java:14)
	at com.kodilla.testing.shape.Circle.&lt;init&gt;(Circle.java:14)
	at com.kodilla.testing.shape.Circle.&lt;init&gt;(Circle.java:14)
	at com.kodilla.testing.shape.Circle.&lt;init&gt;(Circle.java:14)
	at com.kodilla.testing.shape.Circle.&lt;init&gt;(Circle.java:14)
	at com.kodilla.testing.shape.Circle.&lt;init&gt;(Circle.java:14)
	at com.kodilla.testing.shape.Circle.&lt;init&gt;(Circle.java:14)
	at com.kodilla.testing.shape.Circle.&lt;init&gt;(Circle.java:14)
	at com.kodilla.testing.shape.Circle.&lt;init&gt;(Circle.java:14)
	at com.kodilla.testing.shape.Circle.&lt;init&gt;(Circle.java:14)
	at com.kodilla.testing.shape.Circle.&lt;init&gt;(Circle.java:14)
	at com.kodilla.testing.shape.Circle.&lt;init&gt;(Circle.java:14)
	at com.kodilla.testing.shape.Circle.&lt;init&gt;(Circle.java:14)
	at com.kodilla.testing.shape.Circle.&lt;init&gt;(Circle.java:14)
	at com.kodilla.testing.shape.Circle.&lt;init&gt;(Circle.java:14)
	at com.kodilla.testing.shape.Circle.&lt;init&gt;(Circle.java:14)
	at com.kodilla.testing.shape.Circle.&lt;init&gt;(Circle.java:14)
	at com.kodilla.testing.shape.Circle.&lt;init&gt;(Circle.java:14)
	at com.kodilla.testing.shape.Circle.&lt;init&gt;(Circle.java:14)
	at com.kodilla.testing.shape.Circle.&lt;init&gt;(Circle.java:14)
	at com.kodilla.testing.shape.Circle.&lt;init&gt;(Circle.java:14)
	at com.kodilla.testing.shape.Circle.&lt;init&gt;(Circle.java:14)
	at com.kodilla.testing.shape.Circle.&lt;init&gt;(Circle.java:14)
	at com.kodilla.testing.shape.Circle.&lt;init&gt;(Circle.java:14)
	at com.kodilla.testing.shape.Circle.&lt;init&gt;(Circle.java:14)
	at com.kodilla.testing.shape.Circle.&lt;init&gt;(Circle.java:14)
	at com.kodilla.testing.shape.Circle.&lt;init&gt;(Circle.java:14)
	at com.kodilla.testing.shape.Circle.&lt;init&gt;(Circle.java:14)
	at com.kodilla.testing.shape.Circle.&lt;init&gt;(Circle.java:14)
	at com.kodilla.testing.shape.Circle.&lt;init&gt;(Circle.java:14)
	at com.kodilla.testing.shape.Circle.&lt;init&gt;(Circle.java:14)
	at com.kodilla.testing.shape.Circle.&lt;init&gt;(Circle.java:14)
	at com.kodilla.testing.shape.Circle.&lt;init&gt;(Circle.java:14)
	at com.kodilla.testing.shape.Circle.&lt;init&gt;(Circle.java:14)
	at com.kodilla.testing.shape.Circle.&lt;init&gt;(Circle.java:14)
	at com.kodilla.testing.shape.Circle.&lt;init&gt;(Circle.java:14)
	at com.kodilla.testing.shape.Circle.&lt;init&gt;(Circle.java:14)
	at com.kodilla.testing.shape.Circle.&lt;init&gt;(Circle.java:14)
	at com.kodilla.testing.shape.Circle.&lt;init&gt;(Circle.java:14)
	at com.kodilla.testing.shape.Circle.&lt;init&gt;(Circle.java:14)
	at com.kodilla.testing.shape.Circle.&lt;init&gt;(Circle.java:14)
	at com.kodilla.testing.shape.Circle.&lt;init&gt;(Circle.java:14)
	at com.kodilla.testing.shape.Circle.&lt;init&gt;(Circle.java:14)
	at com.kodilla.testing.shape.Circle.&lt;init&gt;(Circle.java:14)
	at com.kodilla.testing.shape.Circle.&lt;init&gt;(Circle.java:14)
	at com.kodilla.testing.shape.Circle.&lt;init&gt;(Circle.java:14)
	at com.kodilla.testing.shape.Circle.&lt;init&gt;(Circle.java:14)
	at com.kodilla.testing.shape.Circle.&lt;init&gt;(Circle.java:14)
	at com.kodilla.testing.shape.Circle.&lt;init&gt;(Circle.java:14)
	at com.kodilla.testing.shape.Circle.&lt;init&gt;(Circle.java:14)
	at com.kodilla.testing.shape.Circle.&lt;init&gt;(Circle.java:14)
	at com.kodilla.testing.shape.Circle.&lt;init&gt;(Circle.java:14)
	at com.kodilla.testing.shape.Circle.&lt;init&gt;(Circle.java:14)
	at com.kodilla.testing.shape.Circle.&lt;init&gt;(Circle.java:14)
	at com.kodilla.testing.shape.Circle.&lt;init&gt;(Circle.java:14)
	at com.kodilla.testing.shape.Circle.&lt;init&gt;(Circle.java:14)
	at com.kodilla.testing.shape.Circle.&lt;init&gt;(Circle.java:14)
	at com.kodilla.testing.shape.Circle.&lt;init&gt;(Circle.java:14)
	at com.kodilla.testing.shape.Circle.&lt;init&gt;(Circle.java:14)
	at com.kodilla.testing.shape.Circle.&lt;init&gt;(Circle.java:14)
	at com.kodilla.testing.shape.Circle.&lt;init&gt;(Circle.java:14)
	at com.kodilla.testing.shape.Circle.&lt;init&gt;(Circle.java:14)
	at com.kodilla.testing.shape.Circle.&lt;init&gt;(Circle.java:14)
	at com.kodilla.testing.shape.Circle.&lt;init&gt;(Circle.java:14)
	at com.kodilla.testing.shape.Circle.&lt;init&gt;(Circle.java:14)
	at com.kodilla.testing.shape.Circle.&lt;init&gt;(Circle.java:14)
	at com.kodilla.testing.shape.Circle.&lt;init&gt;(Circle.java:14)
	at com.kodilla.testing.shape.Circle.&lt;init&gt;(Circle.java:14)
	at com.kodilla.testing.shape.Circle.&lt;init&gt;(Circle.java:14)
	at com.kodilla.testing.shape.Circle.&lt;init&gt;(Circle.java:14)
	at com.kodilla.testing.shape.Circle.&lt;init&gt;(Circle.java:14)
	at com.kodilla.testing.shape.Circle.&lt;init&gt;(Circle.java:14)
	at com.kodilla.testing.shape.Circle.&lt;init&gt;(Circle.java:14)
	at com.kodilla.testing.shape.Circle.&lt;init&gt;(Circle.java:14)
	at com.kodilla.testing.shape.Circle.&lt;init&gt;(Circle.java:14)
	at com.kodilla.testing.shape.Circle.&lt;init&gt;(Circle.java:14)
	at com.kodilla.testing.shape.Circle.&lt;init&gt;(Circle.java:14)
	at com.kodilla.testing.shape.Circle.&lt;init&gt;(Circle.java:14)
	at com.kodilla.testing.shape.Circle.&lt;init&gt;(Circle.java:14)
	at com.kodilla.testing.shape.Circle.&lt;init&gt;(Circle.java:14)
	at com.kodilla.testing.shape.Circle.&lt;init&gt;(Circle.java:14)
	at com.kodilla.testing.shape.Circle.&lt;init&gt;(Circle.java:14)
	at com.kodilla.testing.shape.Circle.&lt;init&gt;(Circle.java:14)
	at com.kodilla.testing.shape.Circle.&lt;init&gt;(Circle.java:14)
	at com.kodilla.testing.shape.Circle.&lt;init&gt;(Circle.java:14)
	at com.kodilla.testing.shape.Circle.&lt;init&gt;(Circle.java:14)
	at com.kodilla.testing.shape.Circle.&lt;init&gt;(Circle.java:14)
	at com.kodilla.testing.shape.Circle.&lt;init&gt;(Circle.java:14)
	at com.kodilla.testing.shape.Circle.&lt;init&gt;(Circle.java:14)
	at com.kodilla.testing.shape.Circle.&lt;init&gt;(Circle.java:14)
	at com.kodilla.testing.shape.Circle.&lt;init&gt;(Circle.java:14)
	at com.kodilla.testing.shape.Circle.&lt;init&gt;(Circle.java:14)
	at com.kodilla.testing.shape.Circle.&lt;init&gt;(Circle.java:14)
	at com.kodilla.testing.shape.Circle.&lt;init&gt;(Circle.java:14)
	at com.kodilla.testing.shape.Circle.&lt;init&gt;(Circle.java:14)
	at com.kodilla.testing.shape.Circle.&lt;init&gt;(Circle.java:14)
	at com.kodilla.testing.shape.Circle.&lt;init&gt;(Circle.java:14)
	at com.kodilla.testing.shape.Circle.&lt;init&gt;(Circle.java:14)
	at com.kodilla.testing.shape.Circle.&lt;init&gt;(Circle.java:14)
	at com.kodilla.testing.shape.Circle.&lt;init&gt;(Circle.java:14)
	at com.kodilla.testing.shape.Circle.&lt;init&gt;(Circle.java:14)
	at com.kodilla.testing.shape.Circle.&lt;init&gt;(Circle.java:14)
	at com.kodilla.testing.shape.Circle.&lt;init&gt;(Circle.java:14)
	at com.kodilla.testing.shape.Circle.&lt;init&gt;(Circle.java:14)
	at com.kodilla.testing.shape.Circle.&lt;init&gt;(Circle.java:14)
	at com.kodilla.testing.shape.Circle.&lt;init&gt;(Circle.java:14)
	at com.kodilla.testing.shape.Circle.&lt;init&gt;(Circle.java:14)
	at com.kodilla.testing.shape.Circle.&lt;init&gt;(Circle.java:14)
	at com.kodilla.testing.shape.Circle.&lt;init&gt;(Circle.java:14)
	at com.kodilla.testing.shape.Circle.&lt;init&gt;(Circle.java:14)
	at com.kodilla.testing.shape.Circle.&lt;init&gt;(Circle.java:14)
	at com.kodilla.testing.shape.Circle.&lt;init&gt;(Circle.java:14)
	at com.kodilla.testing.shape.Circle.&lt;init&gt;(Circle.java:14)
	at com.kodilla.testing.shape.Circle.&lt;init&gt;(Circle.java:14)
	at com.kodilla.testing.shape.Circle.&lt;init&gt;(Circle.java:14)
	at com.kodilla.testing.shape.Circle.&lt;init&gt;(Circle.java:14)
	at com.kodilla.testing.shape.Circle.&lt;init&gt;(Circle.java:14)
	at com.kodilla.testing.shape.Circle.&lt;init&gt;(Circle.java:14)
	at com.kodilla.testing.shape.Circle.&lt;init&gt;(Circle.java:14)
	at com.kodilla.testing.shape.Circle.&lt;init&gt;(Circle.java:14)
	at com.kodilla.testing.shape.Circle.&lt;init&gt;(Circle.java:14)
	at com.kodilla.testing.shape.Circle.&lt;init&gt;(Circle.java:14)
	at com.kodilla.testing.shape.Circle.&lt;init&gt;(Circle.java:14)
	at com.kodilla.testing.shape.Circle.&lt;init&gt;(Circle.java:14)
	at com.kodilla.testing.shape.Circle.&lt;init&gt;(Circle.java:14)
	at com.kodilla.testing.shape.Circle.&lt;init&gt;(Circle.java:14)
	at com.kodilla.testing.shape.Circle.&lt;init&gt;(Circle.java:14)
	at com.kodilla.testing.shape.Circle.&lt;init&gt;(Circle.java:14)
	at com.kodilla.testing.shape.Circle.&lt;init&gt;(Circle.java:14)
	at com.kodilla.testing.shape.Circle.&lt;init&gt;(Circle.java:14)
	at com.kodilla.testing.shape.Circle.&lt;init&gt;(Circle.java:14)
	at com.kodilla.testing.shape.Circle.&lt;init&gt;(Circle.java:14)
	at com.kodilla.testing.shape.Circle.&lt;init&gt;(Circle.java:14)
	at com.kodilla.testing.shape.Circle.&lt;init&gt;(Circle.java:14)
	at com.kodilla.testing.shape.Circle.&lt;init&gt;(Circle.java:14)
	at com.kodilla.testing.shape.Circle.&lt;init&gt;(Circle.java:14)
	at com.kodilla.testing.shape.Circle.&lt;init&gt;(Circle.java:14)
	at com.kodilla.testing.shape.Circle.&lt;init&gt;(Circle.java:14)
	at com.kodilla.testing.shape.Circle.&lt;init&gt;(Circle.java:14)
	at com.kodilla.testing.shape.Circle.&lt;init&gt;(Circle.java:14)
	at com.kodilla.testing.shape.Circle.&lt;init&gt;(Circle.java:14)
	at com.kodilla.testing.shape.Circle.&lt;init&gt;(Circle.java:14)
	at com.kodilla.testing.shape.Circle.&lt;init&gt;(Circle.java:14)
	at com.kodilla.testing.shape.Circle.&lt;init&gt;(Circle.java:14)
	at com.kodilla.testing.shape.Circle.&lt;init&gt;(Circle.java:14)
	at com.kodilla.testing.shape.Circle.&lt;init&gt;(Circle.java:14)
	at com.kodilla.testing.shape.Circle.&lt;init&gt;(Circle.java:14)
	at com.kodilla.testing.shape.Circle.&lt;init&gt;(Circle.java:14)
	at com.kodilla.testing.shape.Circle.&lt;init&gt;(Circle.java:14)
	at com.kodilla.testing.shape.Circle.&lt;init&gt;(Circle.java:14)
	at com.kodilla.testing.shape.Circle.&lt;init&gt;(Circle.java:14)
	at com.kodilla.testing.shape.Circle.&lt;init&gt;(Circle.java:14)
	at com.kodilla.testing.shape.Circle.&lt;init&gt;(Circle.java:14)
	at com.kodilla.testing.shape.Circle.&lt;init&gt;(Circle.java:14)
	at com.kodilla.testing.shape.Circle.&lt;init&gt;(Circle.java:14)
	at com.kodilla.testing.shape.Circle.&lt;init&gt;(Circle.java:14)
	at com.kodilla.testing.shape.Circle.&lt;init&gt;(Circle.java:14)
	at com.kodilla.testing.shape.Circle.&lt;init&gt;(Circle.java:14)
	at com.kodilla.testing.shape.Circle.&lt;init&gt;(Circle.java:14)
	at com.kodilla.testing.shape.Circle.&lt;init&gt;(Circle.java:14)
	at com.kodilla.testing.shape.Circle.&lt;init&gt;(Circle.java:14)
	at com.kodilla.testing.shape.Circle.&lt;init&gt;(Circle.java:14)
	at com.kodilla.testing.shape.Circle.&lt;init&gt;(Circle.java:14)
	at com.kodilla.testing.shape.Circle.&lt;init&gt;(Circle.java:14)
	at com.kodilla.testing.shape.Circle.&lt;init&gt;(Circle.java:14)
	at com.kodilla.testing.shape.Circle.&lt;init&gt;(Circle.java:14)
	at com.kodilla.testing.shape.Circle.&lt;init&gt;(Circle.java:14)
	at com.kodilla.testing.shape.Circle.&lt;init&gt;(Circle.java:14)
	at com.kodilla.testing.shape.Circle.&lt;init&gt;(Circle.java:14)
	at com.kodilla.testing.shape.Circle.&lt;init&gt;(Circle.java:14)
	at com.kodilla.testing.shape.Circle.&lt;init&gt;(Circle.java:14)
	at com.kodilla.testing.shape.Circle.&lt;init&gt;(Circle.java:14)
	at com.kodilla.testing.shape.Circle.&lt;init&gt;(Circle.java:14)
	at com.kodilla.testing.shape.Circle.&lt;init&gt;(Circle.java:14)
	at com.kodilla.testing.shape.Circle.&lt;init&gt;(Circle.java:14)
	at com.kodilla.testing.shape.Circle.&lt;init&gt;(Circle.java:14)
	at com.kodilla.testing.shape.Circle.&lt;init&gt;(Circle.java:14)
	at com.kodilla.testing.shape.Circle.&lt;init&gt;(Circle.java:14)
	at com.kodilla.testing.shape.Circle.&lt;init&gt;(Circle.java:14)
	at com.kodilla.testing.shape.Circle.&lt;init&gt;(Circle.java:14)
	at com.kodilla.testing.shape.Circle.&lt;init&gt;(Circle.java:14)
	at com.kodilla.testing.shape.Circle.&lt;init&gt;(Circle.java:14)
	at com.kodilla.testing.shape.Circle.&lt;init&gt;(Circle.java:14)
	at com.kodilla.testing.shape.Circle.&lt;init&gt;(Circle.java:14)
	at com.kodilla.testing.shape.Circle.&lt;init&gt;(Circle.java:14)
	at com.kodilla.testing.shape.Circle.&lt;init&gt;(Circle.java:14)
	at com.kodilla.testing.shape.Circle.&lt;init&gt;(Circle.java:14)
	at com.kodilla.testing.shape.Circle.&lt;init&gt;(Circle.java:14)
	at com.kodilla.testing.shape.Circle.&lt;init&gt;(Circle.java:14)
	at com.kodilla.testing.shape.Circle.&lt;init&gt;(Circle.java:14)
	at com.kodilla.testing.shape.Circle.&lt;init&gt;(Circle.java:14)
	at com.kodilla.testing.shape.Circle.&lt;init&gt;(Circle.java:14)
	at com.kodilla.testing.shape.Circle.&lt;init&gt;(Circle.java:14)
	at com.kodilla.testing.shape.Circle.&lt;init&gt;(Circle.java:14)
	at com.kodilla.testing.shape.Circle.&lt;init&gt;(Circle.java:14)
	at com.kodilla.testing.shape.Circle.&lt;init&gt;(Circle.java:14)
	at com.kodilla.testing.shape.Circle.&lt;init&gt;(Circle.java:14)
	at com.kodilla.testing.shape.Circle.&lt;init&gt;(Circle.java:14)
	at com.kodilla.testing.shape.Circle.&lt;init&gt;(Circle.java:14)
	at com.kodilla.testing.shape.Circle.&lt;init&gt;(Circle.java:14)
	at com.kodilla.testing.shape.Circle.&lt;init&gt;(Circle.java:14)
	at com.kodilla.testing.shape.Circle.&lt;init&gt;(Circle.java:14)
	at com.kodilla.testing.shape.Circle.&lt;init&gt;(Circle.java:14)
	at com.kodilla.testing.shape.Circle.&lt;init&gt;(Circle.java:14)
	at com.kodilla.testing.shape.Circle.&lt;init&gt;(Circle.java:14)
	at com.kodilla.testing.shape.Circle.&lt;init&gt;(Circle.java:14)
	at com.kodilla.testing.shape.Circle.&lt;init&gt;(Circle.java:14)
	at com.kodilla.testing.shape.Circle.&lt;init&gt;(Circle.java:14)
	at com.kodilla.testing.shape.Circle.&lt;init&gt;(Circle.java:14)
	at com.kodilla.testing.shape.Circle.&lt;init&gt;(Circle.java:14)
	at com.kodilla.testing.shape.Circle.&lt;init&gt;(Circle.java:14)
	at com.kodilla.testing.shape.Circle.&lt;init&gt;(Circle.java:14)
	at com.kodilla.testing.shape.Circle.&lt;init&gt;(Circle.java:14)
	at com.kodilla.testing.shape.Circle.&lt;init&gt;(Circle.java:14)
	at com.kodilla.testing.shape.Circle.&lt;init&gt;(Circle.java:14)
	at com.kodilla.testing.shape.Circle.&lt;init&gt;(Circle.java:14)
	at com.kodilla.testing.shape.Circle.&lt;init&gt;(Circle.java:14)
	at com.kodilla.testing.shape.Circle.&lt;init&gt;(Circle.java:14)
	at com.kodilla.testing.shape.Circle.&lt;init&gt;(Circle.java:14)
	at com.kodilla.testing.shape.Circle.&lt;init&gt;(Circle.java:14)
	at com.kodilla.testing.shape.Circle.&lt;init&gt;(Circle.java:14)
	at com.kodilla.testing.shape.Circle.&lt;init&gt;(Circle.java:14)
	at com.kodilla.testing.shape.Circle.&lt;init&gt;(Circle.java:14)
	at com.kodilla.testing.shape.Circle.&lt;init&gt;(Circle.java:14)
	at com.kodilla.testing.shape.Circle.&lt;init&gt;(Circle.java:14)
	at com.kodilla.testing.shape.Circle.&lt;init&gt;(Circle.java:14)
	at com.kodilla.testing.shape.Circle.&lt;init&gt;(Circle.java:14)
	at com.kodilla.testing.shape.Circle.&lt;init&gt;(Circle.java:14)
	at com.kodilla.testing.shape.Circle.&lt;init&gt;(Circle.java:14)
	at com.kodilla.testing.shape.Circle.&lt;init&gt;(Circle.java:14)
	at com.kodilla.testing.shape.Circle.&lt;init&gt;(Circle.java:14)
	at com.kodilla.testing.shape.Circle.&lt;init&gt;(Circle.java:14)
	at com.kodilla.testing.shape.Circle.&lt;init&gt;(Circle.java:14)
	at com.kodilla.testing.shape.Circle.&lt;init&gt;(Circle.java:14)
	at com.kodilla.testing.shape.Circle.&lt;init&gt;(Circle.java:14)
	at com.kodilla.testing.shape.Circle.&lt;init&gt;(Circle.java:14)
	at com.kodilla.testing.shape.Circle.&lt;init&gt;(Circle.java:14)
	at com.kodilla.testing.shape.Circle.&lt;init&gt;(Circle.java:14)
	at com.kodilla.testing.shape.Circle.&lt;init&gt;(Circle.java:14)
	at com.kodilla.testing.shape.Circle.&lt;init&gt;(Circle.java:14)
	at com.kodilla.testing.shape.Circle.&lt;init&gt;(Circle.java:14)
	at com.kodilla.testing.shape.Circle.&lt;init&gt;(Circle.java:14)
	at com.kodilla.testing.shape.Circle.&lt;init&gt;(Circle.java:14)
	at com.kodilla.testing.shape.Circle.&lt;init&gt;(Circle.java:14)
	at com.kodilla.testing.shape.Circle.&lt;init&gt;(Circle.java:14)
	at com.kodilla.testing.shape.Circle.&lt;init&gt;(Circle.java:14)
	at com.kodilla.testing.shape.Circle.&lt;init&gt;(Circle.java:14)
	at com.kodilla.testing.shape.Circle.&lt;init&gt;(Circle.java:14)
	at com.kodilla.testing.shape.Circle.&lt;init&gt;(Circle.java:14)
	at com.kodilla.testing.shape.Circle.&lt;init&gt;(Circle.java:14)
	at com.kodilla.testing.shape.Circle.&lt;init&gt;(Circle.java:14)
	at com.kodilla.testing.shape.Circle.&lt;init&gt;(Circle.java:14)
	at com.kodilla.testing.shape.Circle.&lt;init&gt;(Circle.java:14)
	at com.kodilla.testing.shape.Circle.&lt;init&gt;(Circle.java:14)
	at com.kodilla.testing.shape.Circle.&lt;init&gt;(Circle.java:14)
	at com.kodilla.testing.shape.Circle.&lt;init&gt;(Circle.java:14)
	at com.kodilla.testing.shape.Circle.&lt;init&gt;(Circle.java:14)
	at com.kodilla.testing.shape.Circle.&lt;init&gt;(Circle.java:14)
	at com.kodilla.testing.shape.Circle.&lt;init&gt;(Circle.java:14)
	at com.kodilla.testing.shape.Circle.&lt;init&gt;(Circle.java:14)
	at com.kodilla.testing.shape.Circle.&lt;init&gt;(Circle.java:14)
	at com.kodilla.testing.shape.Circle.&lt;init&gt;(Circle.java:14)
	at com.kodilla.testing.shape.Circle.&lt;init&gt;(Circle.java:14)
	at com.kodilla.testing.shape.Circle.&lt;init&gt;(Circle.java:14)
	at com.kodilla.testing.shape.Circle.&lt;init&gt;(Circle.java:14)
	at com.kodilla.testing.shape.Circle.&lt;init&gt;(Circle.java:14)
	at com.kodilla.testing.shape.Circle.&lt;init&gt;(Circle.java:14)
	at com.kodilla.testing.shape.Circle.&lt;init&gt;(Circle.java:14)
	at com.kodilla.testing.shape.Circle.&lt;init&gt;(Circle.java:14)
	at com.kodilla.testing.shape.Circle.&lt;init&gt;(Circle.java:14)
	at com.kodilla.testing.shape.Circle.&lt;init&gt;(Circle.java:14)
	at com.kodilla.testing.shape.Circle.&lt;init&gt;(Circle.java:14)
	at com.kodilla.testing.shape.Circle.&lt;init&gt;(Circle.java:14)
	at com.kodilla.testing.shape.Circle.&lt;init&gt;(Circle.java:14)
	at com.kodilla.testing.shape.Circle.&lt;init&gt;(Circle.java:14)
	at com.kodilla.testing.shape.Circle.&lt;init&gt;(Circle.java:14)
	at com.kodilla.testing.shape.Circle.&lt;init&gt;(Circle.java:14)
	at com.kodilla.testing.shape.Circle.&lt;init&gt;(Circle.java:14)
	at com.kodilla.testing.shape.Circle.&lt;init&gt;(Circle.java:14)
	at com.kodilla.testing.shape.Circle.&lt;init&gt;(Circle.java:14)
	at com.kodilla.testing.shape.Circle.&lt;init&gt;(Circle.java:14)
	at com.kodilla.testing.shape.Circle.&lt;init&gt;(Circle.java:14)
	at com.kodilla.testing.shape.Circle.&lt;init&gt;(Circle.java:14)
	at com.kodilla.testing.shape.Circle.&lt;init&gt;(Circle.java:14)
	at com.kodilla.testing.shape.Circle.&lt;init&gt;(Circle.java:14)
	at com.kodilla.testing.shape.Circle.&lt;init&gt;(Circle.java:14)
	at com.kodilla.testing.shape.Circle.&lt;init&gt;(Circle.java:14)
	at com.kodilla.testing.shape.Circle.&lt;init&gt;(Circle.java:14)
	at com.kodilla.testing.shape.Circle.&lt;init&gt;(Circle.java:14)
	at com.kodilla.testing.shape.Circle.&lt;init&gt;(Circle.java:14)
	at com.kodilla.testing.shape.Circle.&lt;init&gt;(Circle.java:14)
	at com.kodilla.testing.shape.Circle.&lt;init&gt;(Circle.java:14)
	at com.kodilla.testing.shape.Circle.&lt;init&gt;(Circle.java:14)
	at com.kodilla.testing.shape.Circle.&lt;init&gt;(Circle.java:14)
	at com.kodilla.testing.shape.Circle.&lt;init&gt;(Circle.java:14)
	at com.kodilla.testing.shape.Circle.&lt;init&gt;(Circle.java:14)
	at com.kodilla.testing.shape.Circle.&lt;init&gt;(Circle.java:14)
	at com.kodilla.testing.shape.Circle.&lt;init&gt;(Circle.java:14)
	at com.kodilla.testing.shape.Circle.&lt;init&gt;(Circle.java:14)
	at com.kodilla.testing.shape.Circle.&lt;init&gt;(Circle.java:14)
	at com.kodilla.testing.shape.Circle.&lt;init&gt;(Circle.java:14)
	at com.kodilla.testing.shape.Circle.&lt;init&gt;(Circle.java:14)
	at com.kodilla.testing.shape.Circle.&lt;init&gt;(Circle.java:14)
	at com.kodilla.testing.shape.Circle.&lt;init&gt;(Circle.java:14)
	at com.kodilla.testing.shape.Circle.&lt;init&gt;(Circle.java:14)
	at com.kodilla.testing.shape.Circle.&lt;init&gt;(Circle.java:14)
	at com.kodilla.testing.shape.Circle.&lt;init&gt;(Circle.java:14)
	at com.kodilla.testing.shape.Circle.&lt;init&gt;(Circle.java:14)
	at com.kodilla.testing.shape.Circle.&lt;init&gt;(Circle.java:14)
	at com.kodilla.testing.shape.Circle.&lt;init&gt;(Circle.java:14)
	at com.kodilla.testing.shape.Circle.&lt;init&gt;(Circle.java:14)
	at com.kodilla.testing.shape.Circle.&lt;init&gt;(Circle.java:14)
	at com.kodilla.testing.shape.Circle.&lt;init&gt;(Circle.java:14)
	at com.kodilla.testing.shape.Circle.&lt;init&gt;(Circle.java:14)
	at com.kodilla.testing.shape.Circle.&lt;init&gt;(Circle.java:14)
	at com.kodilla.testing.shape.Circle.&lt;init&gt;(Circle.java:14)
	at com.kodilla.testing.shape.Circle.&lt;init&gt;(Circle.java:14)
	at com.kodilla.testing.shape.Circle.&lt;init&gt;(Circle.java:14)
	at com.kodilla.testing.shape.Circle.&lt;init&gt;(Circle.java:14)
	at com.kodilla.testing.shape.Circle.&lt;init&gt;(Circle.java:14)
	at com.kodilla.testing.shape.Circle.&lt;init&gt;(Circle.java:14)
	at com.kodilla.testing.shape.Circle.&lt;init&gt;(Circle.java:14)
	at com.kodilla.testing.shape.Circle.&lt;init&gt;(Circle.java:14)
	at com.kodilla.testing.shape.Circle.&lt;init&gt;(Circle.java:14)
	at com.kodilla.testing.shape.Circle.&lt;init&gt;(Circle.java:14)
	at com.kodilla.testing.shape.Circle.&lt;init&gt;(Circle.java:14)
	at com.kodilla.testing.shape.Circle.&lt;init&gt;(Circle.java:14)
	at com.kodilla.testing.shape.Circle.&lt;init&gt;(Circle.java:14)
	at com.kodilla.testing.shape.Circle.&lt;init&gt;(Circle.java:14)
	at com.kodilla.testing.shape.Circle.&lt;init&gt;(Circle.java:14)
	at com.kodilla.testing.shape.Circle.&lt;init&gt;(Circle.java:14)
	at com.kodilla.testing.shape.Circle.&lt;init&gt;(Circle.java:14)
	at com.kodilla.testing.shape.Circle.&lt;init&gt;(Circle.java:14)
	at com.kodilla.testing.shape.Circle.&lt;init&gt;(Circle.java:14)
	at com.kodilla.testing.shape.Circle.&lt;init&gt;(Circle.java:14)
	at com.kodilla.testing.shape.Circle.&lt;init&gt;(Circle.java:14)
	at com.kodilla.testing.shape.Circle.&lt;init&gt;(Circle.java:14)
	at com.kodilla.testing.shape.Circle.&lt;init&gt;(Circle.java:14)
	at com.kodilla.testing.shape.Circle.&lt;init&gt;(Circle.java:14)
	at com.kodilla.testing.shape.Circle.&lt;init&gt;(Circle.java:14)
	at com.kodilla.testing.shape.Circle.&lt;init&gt;(Circle.java:14)
	at com.kodilla.testing.shape.Circle.&lt;init&gt;(Circle.java:14)
	at com.kodilla.testing.shape.Circle.&lt;init&gt;(Circle.java:14)
	at com.kodilla.testing.shape.Circle.&lt;init&gt;(Circle.java:14)
	at com.kodilla.testing.shape.Circle.&lt;init&gt;(Circle.java:14)
	at com.kodilla.testing.shape.Circle.&lt;init&gt;(Circle.java:14)
	at com.kodilla.testing.shape.Circle.&lt;init&gt;(Circle.java:14)
	at com.kodilla.testing.shape.Circle.&lt;init&gt;(Circle.java:14)
	at com.kodilla.testing.shape.Circle.&lt;init&gt;(Circle.java:14)
	at com.kodilla.testing.shape.Circle.&lt;init&gt;(Circle.java:14)
	at com.kodilla.testing.shape.Circle.&lt;init&gt;(Circle.java:14)
	at com.kodilla.testing.shape.Circle.&lt;init&gt;(Circle.java:14)
	at com.kodilla.testing.shape.Circle.&lt;init&gt;(Circle.java:14)
	at com.kodilla.testing.shape.Circle.&lt;init&gt;(Circle.java:14)
	at com.kodilla.testing.shape.Circle.&lt;init&gt;(Circle.java:14)
	at com.kodilla.testing.shape.Circle.&lt;init&gt;(Circle.java:14)
	at com.kodilla.testing.shape.Circle.&lt;init&gt;(Circle.java:14)
	at com.kodilla.testing.shape.Circle.&lt;init&gt;(Circle.java:14)
	at com.kodilla.testing.shape.Circle.&lt;init&gt;(Circle.java:14)
	at com.kodilla.testing.shape.Circle.&lt;init&gt;(Circle.java:14)
	at com.kodilla.testing.shape.Circle.&lt;init&gt;(Circle.java:14)
	at com.kodilla.testing.shape.Circle.&lt;init&gt;(Circle.java:14)
	at com.kodilla.testing.shape.Circle.&lt;init&gt;(Circle.java:14)
	at com.kodilla.testing.shape.Circle.&lt;init&gt;(Circle.java:14)
	at com.kodilla.testing.shape.Circle.&lt;init&gt;(Circle.java:14)
	at com.kodilla.testing.shape.Circle.&lt;init&gt;(Circle.java:14)
	at com.kodilla.testing.shape.Circle.&lt;init&gt;(Circle.java:14)
	at com.kodilla.testing.shape.Circle.&lt;init&gt;(Circle.java:14)
	at com.kodilla.testing.shape.Circle.&lt;init&gt;(Circle.java:14)
	at com.kodilla.testing.shape.Circle.&lt;init&gt;(Circle.java:14)
	at com.kodilla.testing.shape.Circle.&lt;init&gt;(Circle.java:14)
	at com.kodilla.testing.shape.Circle.&lt;init&gt;(Circle.java:14)
	at com.kodilla.testing.shape.Circle.&lt;init&gt;(Circle.java:14)
	at com.kodilla.testing.shape.Circle.&lt;init&gt;(Circle.java:14)
	at com.kodilla.testing.shape.Circle.&lt;init&gt;(Circle.java:14)
	at com.kodilla.testing.shape.Circle.&lt;init&gt;(Circle.java:14)
	at com.kodilla.testing.shape.Circle.&lt;init&gt;(Circle.java:14)
	at com.kodilla.testing.shape.Circle.&lt;init&gt;(Circle.java:14)
	at com.kodilla.testing.shape.Circle.&lt;init&gt;(Circle.java:14)
	at com.kodilla.testing.shape.Circle.&lt;init&gt;(Circle.java:14)
	at com.kodilla.testing.shape.Circle.&lt;init&gt;(Circle.java:14)
	at com.kodilla.testing.shape.Circle.&lt;init&gt;(Circle.java:14)
	at com.kodilla.testing.shape.Circle.&lt;init&gt;(Circle.java:14)
	at com.kodilla.testing.shape.Circle.&lt;init&gt;(Circle.java:14)
	at com.kodilla.testing.shape.Circle.&lt;init&gt;(Circle.java:14)
	at com.kodilla.testing.shape.Circle.&lt;init&gt;(Circle.java:14)
	at com.kodilla.testing.shape.Circle.&lt;init&gt;(Circle.java:14)
	at com.kodilla.testing.shape.Circle.&lt;init&gt;(Circle.java:14)
	at com.kodilla.testing.shape.Circle.&lt;init&gt;(Circle.java:14)
	at com.kodilla.testing.shape.Circle.&lt;init&gt;(Circle.java:14)
	at com.kodilla.testing.shape.Circle.&lt;init&gt;(Circle.java:14)
	at com.kodilla.testing.shape.Circle.&lt;init&gt;(Circle.java:14)
	at com.kodilla.testing.shape.Circle.&lt;init&gt;(Circle.java:14)
	at com.kodilla.testing.shape.Circle.&lt;init&gt;(Circle.java:14)
	at com.kodilla.testing.shape.Circle.&lt;init&gt;(Circle.java:14)
	at com.kodilla.testing.shape.Circle.&lt;init&gt;(Circle.java:14)
	at com.kodilla.testing.shape.Circle.&lt;init&gt;(Circle.java:14)
	at com.kodilla.testing.shape.Circle.&lt;init&gt;(Circle.java:14)
	at com.kodilla.testing.shape.Circle.&lt;init&gt;(Circle.java:14)
	at com.kodilla.testing.shape.Circle.&lt;init&gt;(Circle.java:14)
	at com.kodilla.testing.shape.Circle.&lt;init&gt;(Circle.java:14)
	at com.kodilla.testing.shape.Circle.&lt;init&gt;(Circle.java:14)
	at com.kodilla.testing.shape.Circle.&lt;init&gt;(Circle.java:14)
	at com.kodilla.testing.shape.Circle.&lt;init&gt;(Circle.java:14)
	at com.kodilla.testing.shape.Circle.&lt;init&gt;(Circle.java:14)
	at com.kodilla.testing.shape.Circle.&lt;init&gt;(Circle.java:14)
	at com.kodilla.testing.shape.Circle.&lt;init&gt;(Circle.java:14)
	at com.kodilla.testing.shape.Circle.&lt;init&gt;(Circle.java:14)
	at com.kodilla.testing.shape.Circle.&lt;init&gt;(Circle.java:14)
	at com.kodilla.testing.shape.Circle.&lt;init&gt;(Circle.java:14)
	at com.kodilla.testing.shape.Circle.&lt;init&gt;(Circle.java:14)
	at com.kodilla.testing.shape.Circle.&lt;init&gt;(Circle.java:14)
	at com.kodilla.testing.shape.Circle.&lt;init&gt;(Circle.java:14)
	at com.kodilla.testing.shape.Circle.&lt;init&gt;(Circle.java:14)
	at com.kodilla.testing.shape.Circle.&lt;init&gt;(Circle.java:14)
	at com.kodilla.testing.shape.Circle.&lt;init&gt;(Circle.java:14)
	at com.kodilla.testing.shape.Circle.&lt;init&gt;(Circle.java:14)
	at com.kodilla.testing.shape.Circle.&lt;init&gt;(Circle.java:14)
</failure>
  </testcase>
  <testcase name="testRemoveFigure" classname="com.kodilla.testing.shape.ShapeCollectorTestSuite" time="0.001">
    <failure message="java.lang.StackOverflowError" type="java.lang.StackOverflowError">java.lang.StackOverflowError
	at com.kodilla.testing.shape.Circle.&lt;init&gt;(Circle.java:14)
	at com.kodilla.testing.shape.Circle.&lt;init&gt;(Circle.java:14)
	at com.kodilla.testing.shape.Circle.&lt;init&gt;(Circle.java:14)
	at com.kodilla.testing.shape.Circle.&lt;init&gt;(Circle.java:14)
	at com.kodilla.testing.shape.Circle.&lt;init&gt;(Circle.java:14)
	at com.kodilla.testing.shape.Circle.&lt;init&gt;(Circle.java:14)
	at com.kodilla.testing.shape.Circle.&lt;init&gt;(Circle.java:14)
	at com.kodilla.testing.shape.Circle.&lt;init&gt;(Circle.java:14)
	at com.kodilla.testing.shape.Circle.&lt;init&gt;(Circle.java:14)
	at com.kodilla.testing.shape.Circle.&lt;init&gt;(Circle.java:14)
	at com.kodilla.testing.shape.Circle.&lt;init&gt;(Circle.java:14)
	at com.kodilla.testing.shape.Circle.&lt;init&gt;(Circle.java:14)
	at com.kodilla.testing.shape.Circle.&lt;init&gt;(Circle.java:14)
	at com.kodilla.testing.shape.Circle.&lt;init&gt;(Circle.java:14)
	at com.kodilla.testing.shape.Circle.&lt;init&gt;(Circle.java:14)
	at com.kodilla.testing.shape.Circle.&lt;init&gt;(Circle.java:14)
	at com.kodilla.testing.shape.Circle.&lt;init&gt;(Circle.java:14)
	at com.kodilla.testing.shape.Circle.&lt;init&gt;(Circle.java:14)
	at com.kodilla.testing.shape.Circle.&lt;init&gt;(Circle.java:14)
	at com.kodilla.testing.shape.Circle.&lt;init&gt;(Circle.java:14)
	at com.kodilla.testing.shape.Circle.&lt;init&gt;(Circle.java:14)
	at com.kodilla.testing.shape.Circle.&lt;init&gt;(Circle.java:14)
	at com.kodilla.testing.shape.Circle.&lt;init&gt;(Circle.java:14)
	at com.kodilla.testing.shape.Circle.&lt;init&gt;(Circle.java:14)
	at com.kodilla.testing.shape.Circle.&lt;init&gt;(Circle.java:14)
	at com.kodilla.testing.shape.Circle.&lt;init&gt;(Circle.java:14)
	at com.kodilla.testing.shape.Circle.&lt;init&gt;(Circle.java:14)
	at com.kodilla.testing.shape.Circle.&lt;init&gt;(Circle.java:14)
	at com.kodilla.testing.shape.Circle.&lt;init&gt;(Circle.java:14)
	at com.kodilla.testing.shape.Circle.&lt;init&gt;(Circle.java:14)
	at com.kodilla.testing.shape.Circle.&lt;init&gt;(Circle.java:14)
	at com.kodilla.testing.shape.Circle.&lt;init&gt;(Circle.java:14)
	at com.kodilla.testing.shape.Circle.&lt;init&gt;(Circle.java:14)
	at com.kodilla.testing.shape.Circle.&lt;init&gt;(Circle.java:14)
	at com.kodilla.testing.shape.Circle.&lt;init&gt;(Circle.java:14)
	at com.kodilla.testing.shape.Circle.&lt;init&gt;(Circle.java:14)
	at com.kodilla.testing.shape.Circle.&lt;init&gt;(Circle.java:14)
	at com.kodilla.testing.shape.Circle.&lt;init&gt;(Circle.java:14)
	at com.kodilla.testing.shape.Circle.&lt;init&gt;(Circle.java:14)
	at com.kodilla.testing.shape.Circle.&lt;init&gt;(Circle.java:14)
	at com.kodilla.testing.shape.Circle.&lt;init&gt;(Circle.java:14)
	at com.kodilla.testing.shape.Circle.&lt;init&gt;(Circle.java:14)
	at com.kodilla.testing.shape.Circle.&lt;init&gt;(Circle.java:14)
	at com.kodilla.testing.shape.Circle.&lt;init&gt;(Circle.java:14)
	at com.kodilla.testing.shape.Circle.&lt;init&gt;(Circle.java:14)
	at com.kodilla.testing.shape.Circle.&lt;init&gt;(Circle.java:14)
	at com.kodilla.testing.shape.Circle.&lt;init&gt;(Circle.java:14)
	at com.kodilla.testing.shape.Circle.&lt;init&gt;(Circle.java:14)
	at com.kodilla.testing.shape.Circle.&lt;init&gt;(Circle.java:14)
	at com.kodilla.testing.shape.Circle.&lt;init&gt;(Circle.java:14)
	at com.kodilla.testing.shape.Circle.&lt;init&gt;(Circle.java:14)
	at com.kodilla.testing.shape.Circle.&lt;init&gt;(Circle.java:14)
	at com.kodilla.testing.shape.Circle.&lt;init&gt;(Circle.java:14)
	at com.kodilla.testing.shape.Circle.&lt;init&gt;(Circle.java:14)
	at com.kodilla.testing.shape.Circle.&lt;init&gt;(Circle.java:14)
	at com.kodilla.testing.shape.Circle.&lt;init&gt;(Circle.java:14)
	at com.kodilla.testing.shape.Circle.&lt;init&gt;(Circle.java:14)
	at com.kodilla.testing.shape.Circle.&lt;init&gt;(Circle.java:14)
	at com.kodilla.testing.shape.Circle.&lt;init&gt;(Circle.java:14)
	at com.kodilla.testing.shape.Circle.&lt;init&gt;(Circle.java:14)
	at com.kodilla.testing.shape.Circle.&lt;init&gt;(Circle.java:14)
	at com.kodilla.testing.shape.Circle.&lt;init&gt;(Circle.java:14)
	at com.kodilla.testing.shape.Circle.&lt;init&gt;(Circle.java:14)
	at com.kodilla.testing.shape.Circle.&lt;init&gt;(Circle.java:14)
	at com.kodilla.testing.shape.Circle.&lt;init&gt;(Circle.java:14)
	at com.kodilla.testing.shape.Circle.&lt;init&gt;(Circle.java:14)
	at com.kodilla.testing.shape.Circle.&lt;init&gt;(Circle.java:14)
	at com.kodilla.testing.shape.Circle.&lt;init&gt;(Circle.java:14)
	at com.kodilla.testing.shape.Circle.&lt;init&gt;(Circle.java:14)
	at com.kodilla.testing.shape.Circle.&lt;init&gt;(Circle.java:14)
	at com.kodilla.testing.shape.Circle.&lt;init&gt;(Circle.java:14)
	at com.kodilla.testing.shape.Circle.&lt;init&gt;(Circle.java:14)
	at com.kodilla.testing.shape.Circle.&lt;init&gt;(Circle.java:14)
	at com.kodilla.testing.shape.Circle.&lt;init&gt;(Circle.java:14)
	at com.kodilla.testing.shape.Circle.&lt;init&gt;(Circle.java:14)
	at com.kodilla.testing.shape.Circle.&lt;init&gt;(Circle.java:14)
	at com.kodilla.testing.shape.Circle.&lt;init&gt;(Circle.java:14)
	at com.kodilla.testing.shape.Circle.&lt;init&gt;(Circle.java:14)
	at com.kodilla.testing.shape.Circle.&lt;init&gt;(Circle.java:14)
	at com.kodilla.testing.shape.Circle.&lt;init&gt;(Circle.java:14)
	at com.kodilla.testing.shape.Circle.&lt;init&gt;(Circle.java:14)
	at com.kodilla.testing.shape.Circle.&lt;init&gt;(Circle.java:14)
	at com.kodilla.testing.shape.Circle.&lt;init&gt;(Circle.java:14)
	at com.kodilla.testing.shape.Circle.&lt;init&gt;(Circle.java:14)
	at com.kodilla.testing.shape.Circle.&lt;init&gt;(Circle.java:14)
	at com.kodilla.testing.shape.Circle.&lt;init&gt;(Circle.java:14)
	at com.kodilla.testing.shape.Circle.&lt;init&gt;(Circle.java:14)
	at com.kodilla.testing.shape.Circle.&lt;init&gt;(Circle.java:14)
	at com.kodilla.testing.shape.Circle.&lt;init&gt;(Circle.java:14)
	at com.kodilla.testing.shape.Circle.&lt;init&gt;(Circle.java:14)
	at com.kodilla.testing.shape.Circle.&lt;init&gt;(Circle.java:14)
	at com.kodilla.testing.shape.Circle.&lt;init&gt;(Circle.java:14)
	at com.kodilla.testing.shape.Circle.&lt;init&gt;(Circle.java:14)
	at com.kodilla.testing.shape.Circle.&lt;init&gt;(Circle.java:14)
	at com.kodilla.testing.shape.Circle.&lt;init&gt;(Circle.java:14)
	at com.kodilla.testing.shape.Circle.&lt;init&gt;(Circle.java:14)
	at com.kodilla.testing.shape.Circle.&lt;init&gt;(Circle.java:14)
	at com.kodilla.testing.shape.Circle.&lt;init&gt;(Circle.java:14)
	at com.kodilla.testing.shape.Circle.&lt;init&gt;(Circle.java:14)
	at com.kodilla.testing.shape.Circle.&lt;init&gt;(Circle.java:14)
	at com.kodilla.testing.shape.Circle.&lt;init&gt;(Circle.java:14)
	at com.kodilla.testing.shape.Circle.&lt;init&gt;(Circle.java:14)
	at com.kodilla.testing.shape.Circle.&lt;init&gt;(Circle.java:14)
	at com.kodilla.testing.shape.Circle.&lt;init&gt;(Circle.java:14)
	at com.kodilla.testing.shape.Circle.&lt;init&gt;(Circle.java:14)
	at com.kodilla.testing.shape.Circle.&lt;init&gt;(Circle.java:14)
	at com.kodilla.testing.shape.Circle.&lt;init&gt;(Circle.java:14)
	at com.kodilla.testing.shape.Circle.&lt;init&gt;(Circle.java:14)
	at com.kodilla.testing.shape.Circle.&lt;init&gt;(Circle.java:14)
	at com.kodilla.testing.shape.Circle.&lt;init&gt;(Circle.java:14)
	at com.kodilla.testing.shape.Circle.&lt;init&gt;(Circle.java:14)
	at com.kodilla.testing.shape.Circle.&lt;init&gt;(Circle.java:14)
	at com.kodilla.testing.shape.Circle.&lt;init&gt;(Circle.java:14)
	at com.kodilla.testing.shape.Circle.&lt;init&gt;(Circle.java:14)
	at com.kodilla.testing.shape.Circle.&lt;init&gt;(Circle.java:14)
	at com.kodilla.testing.shape.Circle.&lt;init&gt;(Circle.java:14)
	at com.kodilla.testing.shape.Circle.&lt;init&gt;(Circle.java:14)
	at com.kodilla.testing.shape.Circle.&lt;init&gt;(Circle.java:14)
	at com.kodilla.testing.shape.Circle.&lt;init&gt;(Circle.java:14)
	at com.kodilla.testing.shape.Circle.&lt;init&gt;(Circle.java:14)
	at com.kodilla.testing.shape.Circle.&lt;init&gt;(Circle.java:14)
	at com.kodilla.testing.shape.Circle.&lt;init&gt;(Circle.java:14)
	at com.kodilla.testing.shape.Circle.&lt;init&gt;(Circle.java:14)
	at com.kodilla.testing.shape.Circle.&lt;init&gt;(Circle.java:14)
	at com.kodilla.testing.shape.Circle.&lt;init&gt;(Circle.java:14)
	at com.kodilla.testing.shape.Circle.&lt;init&gt;(Circle.java:14)
	at com.kodilla.testing.shape.Circle.&lt;init&gt;(Circle.java:14)
	at com.kodilla.testing.shape.Circle.&lt;init&gt;(Circle.java:14)
	at com.kodilla.testing.shape.Circle.&lt;init&gt;(Circle.java:14)
	at com.kodilla.testing.shape.Circle.&lt;init&gt;(Circle.java:14)
	at com.kodilla.testing.shape.Circle.&lt;init&gt;(Circle.java:14)
	at com.kodilla.testing.shape.Circle.&lt;init&gt;(Circle.java:14)
	at com.kodilla.testing.shape.Circle.&lt;init&gt;(Circle.java:14)
	at com.kodilla.testing.shape.Circle.&lt;init&gt;(Circle.java:14)
	at com.kodilla.testing.shape.Circle.&lt;init&gt;(Circle.java:14)
	at com.kodilla.testing.shape.Circle.&lt;init&gt;(Circle.java:14)
	at com.kodilla.testing.shape.Circle.&lt;init&gt;(Circle.java:14)
	at com.kodilla.testing.shape.Circle.&lt;init&gt;(Circle.java:14)
	at com.kodilla.testing.shape.Circle.&lt;init&gt;(Circle.java:14)
	at com.kodilla.testing.shape.Circle.&lt;init&gt;(Circle.java:14)
	at com.kodilla.testing.shape.Circle.&lt;init&gt;(Circle.java:14)
	at com.kodilla.testing.shape.Circle.&lt;init&gt;(Circle.java:14)
	at com.kodilla.testing.shape.Circle.&lt;init&gt;(Circle.java:14)
	at com.kodilla.testing.shape.Circle.&lt;init&gt;(Circle.java:14)
	at com.kodilla.testing.shape.Circle.&lt;init&gt;(Circle.java:14)
	at com.kodilla.testing.shape.Circle.&lt;init&gt;(Circle.java:14)
	at com.kodilla.testing.shape.Circle.&lt;init&gt;(Circle.java:14)
	at com.kodilla.testing.shape.Circle.&lt;init&gt;(Circle.java:14)
	at com.kodilla.testing.shape.Circle.&lt;init&gt;(Circle.java:14)
	at com.kodilla.testing.shape.Circle.&lt;init&gt;(Circle.java:14)
	at com.kodilla.testing.shape.Circle.&lt;init&gt;(Circle.java:14)
	at com.kodilla.testing.shape.Circle.&lt;init&gt;(Circle.java:14)
	at com.kodilla.testing.shape.Circle.&lt;init&gt;(Circle.java:14)
	at com.kodilla.testing.shape.Circle.&lt;init&gt;(Circle.java:14)
	at com.kodilla.testing.shape.Circle.&lt;init&gt;(Circle.java:14)
	at com.kodilla.testing.shape.Circle.&lt;init&gt;(Circle.java:14)
	at com.kodilla.testing.shape.Circle.&lt;init&gt;(Circle.java:14)
	at com.kodilla.testing.shape.Circle.&lt;init&gt;(Circle.java:14)
	at com.kodilla.testing.shape.Circle.&lt;init&gt;(Circle.java:14)
	at com.kodilla.testing.shape.Circle.&lt;init&gt;(Circle.java:14)
	at com.kodilla.testing.shape.Circle.&lt;init&gt;(Circle.java:14)
	at com.kodilla.testing.shape.Circle.&lt;init&gt;(Circle.java:14)
	at com.kodilla.testing.shape.Circle.&lt;init&gt;(Circle.java:14)
	at com.kodilla.testing.shape.Circle.&lt;init&gt;(Circle.java:14)
	at com.kodilla.testing.shape.Circle.&lt;init&gt;(Circle.java:14)
	at com.kodilla.testing.shape.Circle.&lt;init&gt;(Circle.java:14)
	at com.kodilla.testing.shape.Circle.&lt;init&gt;(Circle.java:14)
	at com.kodilla.testing.shape.Circle.&lt;init&gt;(Circle.java:14)
	at com.kodilla.testing.shape.Circle.&lt;init&gt;(Circle.java:14)
	at com.kodilla.testing.shape.Circle.&lt;init&gt;(Circle.java:14)
	at com.kodilla.testing.shape.Circle.&lt;init&gt;(Circle.java:14)
	at com.kodilla.testing.shape.Circle.&lt;init&gt;(Circle.java:14)
	at com.kodilla.testing.shape.Circle.&lt;init&gt;(Circle.java:14)
	at com.kodilla.testing.shape.Circle.&lt;init&gt;(Circle.java:14)
	at com.kodilla.testing.shape.Circle.&lt;init&gt;(Circle.java:14)
	at com.kodilla.testing.shape.Circle.&lt;init&gt;(Circle.java:14)
	at com.kodilla.testing.shape.Circle.&lt;init&gt;(Circle.java:14)
[...]
	at com.kodilla.testing.shape.Circle.&lt;init&gt;(Circle.java:14)
	at com.kodilla.testing.shape.Circle.&lt;init&gt;(Circle.java:14)
	at com.kodilla.testing.shape.Circle.&lt;init&gt;(Circle.java:14)
	at com.kodilla.testing.shape.Circle.&lt;init&gt;(Circle.java:14)
	at com.kodilla.testing.shape.Circle.&lt;init&gt;(Circle.java:14)
	at com.kodilla.testing.shape.Circle.&lt;init&gt;(Circle.java:14)
	at com.kodilla.testing.shape.Circle.&lt;init&gt;(Circle.java:14)
	at com.kodilla.testing.shape.Circle.&lt;init&gt;(Circle.java:14)
	at com.kodilla.testing.shape.Circle.&lt;init&gt;(Circle.java:14)
	at com.kodilla.testing.shape.Circle.&lt;init&gt;(Circle.java:14)
	at com.kodilla.testing.shape.Circle.&lt;init&gt;(Circle.java:14)
	at com.kodilla.testing.shape.Circle.&lt;init&gt;(Circle.java:14)
	at com.kodilla.testing.shape.Circle.&lt;init&gt;(Circle.java:14)
	at com.kodilla.testing.shape.Circle.&lt;init&gt;(Circle.java:14)
	at com.kodilla.testing.shape.Circle.&lt;init&gt;(Circle.java:14)
	at com.kodilla.testing.shape.Circle.&lt;init&gt;(Circle.java:14)
	at com.kodilla.testing.shape.Circle.&lt;init&gt;(Circle.java:14)
	at com.kodilla.testing.shape.Circle.&lt;init&gt;(Circle.java:14)
	at com.kodilla.testing.shape.Circle.&lt;init&gt;(Circle.java:14)
	at com.kodilla.testing.shape.Circle.&lt;init&gt;(Circle.java:14)
	at com.kodilla.testing.shape.Circle.&lt;init&gt;(Circle.java:14)
	at com.kodilla.testing.shape.Circle.&lt;init&gt;(Circle.java:14)
	at com.kodilla.testing.shape.Circle.&lt;init&gt;(Circle.java:14)
	at com.kodilla.testing.shape.Circle.&lt;init&gt;(Circle.java:14)
	at com.kodilla.testing.shape.Circle.&lt;init&gt;(Circle.java:14)
	at com.kodilla.testing.shape.Circle.&lt;init&gt;(Circle.java:14)
	at com.kodilla.testing.shape.Circle.&lt;init&gt;(Circle.java:14)
	at com.kodilla.testing.shape.Circle.&lt;init&gt;(Circle.java:14)
	at com.kodilla.testing.shape.Circle.&lt;init&gt;(Circle.java:14)
	at com.kodilla.testing.shape.Circle.&lt;init&gt;(Circle.java:14)
	at com.kodilla.testing.shape.Circle.&lt;init&gt;(Circle.java:14)
	at com.kodilla.testing.shape.Circle.&lt;init&gt;(Circle.java:14)
	at com.kodilla.testing.shape.Circle.&lt;init&gt;(Circle.java:14)
	at com.kodilla.testing.shape.Circle.&lt;init&gt;(Circle.java:14)
	at com.kodilla.testing.shape.Circle.&lt;init&gt;(Circle.java:14)
	at com.kodilla.testing.shape.Circle.&lt;init&gt;(Circle.java:14)
	at com.kodilla.testing.shape.Circle.&lt;init&gt;(Circle.java:14)
	at com.kodilla.testing.shape.Circle.&lt;init&gt;(Circle.java:14)
	at com.kodilla.testing.shape.Circle.&lt;init&gt;(Circle.java:14)
	at com.kodilla.testing.shape.Circle.&lt;init&gt;(Circle.java:14)
	at com.kodilla.testing.shape.Circle.&lt;init&gt;(Circle.java:14)
	at com.kodilla.testing.shape.Circle.&lt;init&gt;(Circle.java:14)
	at com.kodilla.testing.shape.Circle.&lt;init&gt;(Circle.java:14)
	at com.kodilla.testing.shape.Circle.&lt;init&gt;(Circle.java:14)
	at com.kodilla.testing.shape.Circle.&lt;init&gt;(Circle.java:14)
	at com.kodilla.testing.shape.Circle.&lt;init&gt;(Circle.java:14)
	at com.kodilla.testing.shape.Circle.&lt;init&gt;(Circle.java:14)
	at com.kodilla.testing.shape.Circle.&lt;init&gt;(Circle.java:14)
	at com.kodilla.testing.shape.Circle.&lt;init&gt;(Circle.java:14)
	at com.kodilla.testing.shape.Circle.&lt;init&gt;(Circle.java:14)
	at com.kodilla.testing.shape.Circle.&lt;init&gt;(Circle.java:14)
	at com.kodilla.testing.shape.Circle.&lt;init&gt;(Circle.java:14)
	at com.kodilla.testing.shape.Circle.&lt;init&gt;(Circle.java:14)
	at com.kodilla.testing.shape.Circle.&lt;init&gt;(Circle.java:14)
	at com.kodilla.testing.shape.Circle.&lt;init&gt;(Circle.java:14)
	at com.kodilla.testing.shape.Circle.&lt;init&gt;(Circle.java:14)
	at com.kodilla.testing.shape.Circle.&lt;init&gt;(Circle.java:14)
	at com.kodilla.testing.shape.Circle.&lt;init&gt;(Circle.java:14)
	at com.kodilla.testing.shape.Circle.&lt;init&gt;(Circle.java:14)
	at com.kodilla.testing.shape.Circle.&lt;init&gt;(Circle.java:14)
	at com.kodilla.testing.shape.Circle.&lt;init&gt;(Circle.java:14)
	at com.kodilla.testing.shape.Circle.&lt;init&gt;(Circle.java:14)
	at com.kodilla.testing.shape.Circle.&lt;init&gt;(Circle.java:14)
	at com.kodilla.testing.shape.Circle.&lt;init&gt;(Circle.java:14)
	at com.kodilla.testing.shape.Circle.&lt;init&gt;(Circle.java:14)
	at com.kodilla.testing.shape.Circle.&lt;init&gt;(Circle.java:14)
	at com.kodilla.testing.shape.Circle.&lt;init&gt;(Circle.java:14)
	at com.kodilla.testing.shape.Circle.&lt;init&gt;(Circle.java:14)
	at com.kodilla.testing.shape.Circle.&lt;init&gt;(Circle.java:14)
	at com.kodilla.testing.shape.Circle.&lt;init&gt;(Circle.java:14)
	at com.kodilla.testing.shape.Circle.&lt;init&gt;(Circle.java:14)
	at com.kodilla.testing.shape.Circle.&lt;init&gt;(Circle.java:14)
	at com.kodilla.testing.shape.Circle.&lt;init&gt;(Circle.java:14)
	at com.kodilla.testing.shape.Circle.&lt;init&gt;(Circle.java:14)
	at com.kodilla.testing.shape.Circle.&lt;init&gt;(Circle.java:14)
	at com.kodilla.testing.shape.Circle.&lt;init&gt;(Circle.java:14)
	at com.kodilla.testing.shape.Circle.&lt;init&gt;(Circle.java:14)
	at com.kodilla.testing.shape.Circle.&lt;init&gt;(Circle.java:14)
	at com.kodilla.testing.shape.Circle.&lt;init&gt;(Circle.java:14)
	at com.kodilla.testing.shape.Circle.&lt;init&gt;(Circle.java:14)
	at com.kodilla.testing.shape.Circle.&lt;init&gt;(Circle.java:14)
	at com.kodilla.testing.shape.Circle.&lt;init&gt;(Circle.java:14)
	at com.kodilla.testing.shape.Circle.&lt;init&gt;(Circle.java:14)
	at com.kodilla.testing.shape.Circle.&lt;init&gt;(Circle.java:14)
	at com.kodilla.testing.shape.Circle.&lt;init&gt;(Circle.java:14)
	at com.kodilla.testing.shape.Circle.&lt;init&gt;(Circle.java:14)
	at com.kodilla.testing.shape.Circle.&lt;init&gt;(Circle.java:14)
	at com.kodilla.testing.shape.Circle.&lt;init&gt;(Circle.java:14)
	at com.kodilla.testing.shape.Circle.&lt;init&gt;(Circle.java:14)
	at com.kodilla.testing.shape.Circle.&lt;init&gt;(Circle.java:14)
	at com.kodilla.testing.shape.Circle.&lt;init&gt;(Circle.java:14)
	at com.kodilla.testing.shape.Circle.&lt;init&gt;(Circle.java:14)
	at com.kodilla.testing.shape.Circle.&lt;init&gt;(Circle.java:14)
	at com.kodilla.testing.shape.Circle.&lt;init&gt;(Circle.java:14)
	at com.kodilla.testing.shape.Circle.&lt;init&gt;(Circle.java:14)
	at com.kodilla.testing.shape.Circle.&lt;init&gt;(Circle.java:14)
	at com.kodilla.testing.shape.Circle.&lt;init&gt;(Circle.java:14)
	at com.kodilla.testing.shape.Circle.&lt;init&gt;(Circle.java:14)
	at com.kodilla.testing.shape.Circle.&lt;init&gt;(Circle.java:14)
	at com.kodilla.testing.shape.Circle.&lt;init&gt;(Circle.java:14)
	at com.kodilla.testing.shape.Circle.&lt;init&gt;(Circle.java:14)
	at com.kodilla.testing.shape.Circle.&lt;init&gt;(Circle.java:14)
	at com.kodilla.testing.shape.Circle.&lt;init&gt;(Circle.java:14)
	at com.kodilla.testing.shape.Circle.&lt;init&gt;(Circle.java:14)
	at com.kodilla.testing.shape.Circle.&lt;init&gt;(Circle.java:14)
	at com.kodilla.testing.shape.Circle.&lt;init&gt;(Circle.java:14)
	at com.kodilla.testing.shape.Circle.&lt;init&gt;(Circle.java:14)
	at com.kodilla.testing.shape.Circle.&lt;init&gt;(Circle.java:14)
	at com.kodilla.testing.shape.Circle.&lt;init&gt;(Circle.java:14)
	at com.kodilla.testing.shape.Circle.&lt;init&gt;(Circle.java:14)
	at com.kodilla.testing.shape.Circle.&lt;init&gt;(Circle.java:14)
	at com.kodilla.testing.shape.Circle.&lt;init&gt;(Circle.java:14)
	at com.kodilla.testing.shape.Circle.&lt;init&gt;(Circle.java:14)
	at com.kodilla.testing.shape.Circle.&lt;init&gt;(Circle.java:14)
	at com.kodilla.testing.shape.Circle.&lt;init&gt;(Circle.java:14)
	at com.kodilla.testing.shape.Circle.&lt;init&gt;(Circle.java:14)
	at com.kodilla.testing.shape.Circle.&lt;init&gt;(Circle.java:14)
	at com.kodilla.testing.shape.Circle.&lt;init&gt;(Circle.java:14)
	at com.kodilla.testing.shape.Circle.&lt;init&gt;(Circle.java:14)
	at com.kodilla.testing.shape.Circle.&lt;init&gt;(Circle.java:14)
	at com.kodilla.testing.shape.Circle.&lt;init&gt;(Circle.java:14)
	at com.kodilla.testing.shape.Circle.&lt;init&gt;(Circle.java:14)
	at com.kodilla.testing.shape.Circle.&lt;init&gt;(Circle.java:14)
	at com.kodilla.testing.shape.Circle.&lt;init&gt;(Circle.java:14)
	at com.kodilla.testing.shape.Circle.&lt;init&gt;(Circle.java:14)
	at com.kodilla.testing.shape.Circle.&lt;init&gt;(Circle.java:14)
	at com.kodilla.testing.shape.Circle.&lt;init&gt;(Circle.java:14)
	at com.kodilla.testing.shape.Circle.&lt;init&gt;(Circle.java:14)
	at com.kodilla.testing.shape.Circle.&lt;init&gt;(Circle.java:14)
	at com.kodilla.testing.shape.Circle.&lt;init&gt;(Circle.java:14)
	at com.kodilla.testing.shape.Circle.&lt;init&gt;(Circle.java:14)
	at com.kodilla.testing.shape.Circle.&lt;init&gt;(Circle.java:14)
	at com.kodilla.testing.shape.Circle.&lt;init&gt;(Circle.java:14)
	at com.kodilla.testing.shape.Circle.&lt;init&gt;(Circle.java:14)
	at com.kodilla.testing.shape.Circle.&lt;init&gt;(Circle.java:14)
	at com.kodilla.testing.shape.Circle.&lt;init&gt;(Circle.java:14)
	at com.kodilla.testing.shape.Circle.&lt;init&gt;(Circle.java:14)
	at com.kodilla.testing.shape.Circle.&lt;init&gt;(Circle.java:14)
	at com.kodilla.testing.shape.Circle.&lt;init&gt;(Circle.java:14)
	at com.kodilla.testing.shape.Circle.&lt;init&gt;(Circle.java:14)
	at com.kodilla.testing.shape.Circle.&lt;init&gt;(Circle.java:14)
	at com.kodilla.testing.shape.Circle.&lt;init&gt;(Circle.java:14)
	at com.kodilla.testing.shape.Circle.&lt;init&gt;(Circle.java:14)
	at com.kodilla.testing.shape.Circle.&lt;init&gt;(Circle.java:14)
	at com.kodilla.testing.shape.Circle.&lt;init&gt;(Circle.java:14)
	at com.kodilla.testing.shape.Circle.&lt;init&gt;(Circle.java:14)
	at com.kodilla.testing.shape.Circle.&lt;init&gt;(Circle.java:14)
	at com.kodilla.testing.shape.Circle.&lt;init&gt;(Circle.java:14)
	at com.kodilla.testing.shape.Circle.&lt;init&gt;(Circle.java:14)
	at com.kodilla.testing.shape.Circle.&lt;init&gt;(Circle.java:14)
	at com.kodilla.testing.shape.Circle.&lt;init&gt;(Circle.java:14)
	at com.kodilla.testing.shape.Circle.&lt;init&gt;(Circle.java:14)
	at com.kodilla.testing.shape.Circle.&lt;init&gt;(Circle.java:14)
	at com.kodilla.testing.shape.Circle.&lt;init&gt;(Circle.java:14)
	at com.kodilla.testing.shape.Circle.&lt;init&gt;(Circle.java:14)
	at com.kodilla.testing.shape.Circle.&lt;init&gt;(Circle.java:14)
	at com.kodilla.testing.shape.Circle.&lt;init&gt;(Circle.java:14)
	at com.kodilla.testing.shape.Circle.&lt;init&gt;(Circle.java:14)
	at com.kodilla.testing.shape.Circle.&lt;init&gt;(Circle.java:14)
	at com.kodilla.testing.shape.Circle.&lt;init&gt;(Circle.java:14)
	at com.kodilla.testing.shape.Circle.&lt;init&gt;(Circle.java:14)
	at com.kodilla.testing.shape.Circle.&lt;init&gt;(Circle.java:14)
	at com.kodilla.testing.shape.Circle.&lt;init&gt;(Circle.java:14)
	at com.kodilla.testing.shape.Circle.&lt;init&gt;(Circle.java:14)
	at com.kodilla.testing.shape.Circle.&lt;init&gt;(Circle.java:14)
	at com.kodilla.testing.shape.Circle.&lt;init&gt;(Circle.java:14)
	at com.kodilla.testing.shape.Circle.&lt;init&gt;(Circle.java:14)
	at com.kodilla.testing.shape.Circle.&lt;init&gt;(Circle.java:14)
	at com.kodilla.testing.shape.Circle.&lt;init&gt;(Circle.java:14)
	at com.kodilla.testing.shape.Circle.&lt;init&gt;(Circle.java:14)
	at com.kodilla.testing.shape.Circle.&lt;init&gt;(Circle.java:14)
	at com.kodilla.testing.shape.Circle.&lt;init&gt;(Circle.java:14)
	at com.kodilla.testing.shape.Circle.&lt;init&gt;(Circle.java:14)
	at com.kodilla.testing.shape.Circle.&lt;init&gt;(Circle.java:14)
	at com.kodilla.testing.shape.Circle.&lt;init&gt;(Circle.java:14)
	at com.kodilla.testing.shape.Circle.&lt;init&gt;(Circle.java:14)
	at com.kodilla.testing.shape.Circle.&lt;init&gt;(Circle.java:14)
	at com.kodilla.testing.shape.Circle.&lt;init&gt;(Circle.java:14)
	at com.kodilla.testing.shape.Circle.&lt;init&gt;(Circle.java:14)
	at com.kodilla.testing.shape.Circle.&lt;init&gt;(Circle.java:14)
	at com.kodilla.testing.shape.Circle.&lt;init&gt;(Circle.java:14)
	at com.kodilla.testing.shape.Circle.&lt;init&gt;(Circle.java:14)
	at com.kodilla.testing.shape.Circle.&lt;init&gt;(Circle.java:14)
	at com.kodilla.testing.shape.Circle.&lt;init&gt;(Circle.java:14)
	at com.kodilla.testing.shape.Circle.&lt;init&gt;(Circle.java:14)
	at com.kodilla.testing.shape.Circle.&lt;init&gt;(Circle.java:14)
	at com.kodilla.testing.shape.Circle.&lt;init&gt;(Circle.java:14)
	at com.kodilla.testing.shape.Circle.&lt;init&gt;(Circle.java:14)
	at com.kodilla.testing.shape.Circle.&lt;init&gt;(Circle.java:14)
	at com.kodilla.testing.shape.Circle.&lt;init&gt;(Circle.java:14)
	at com.kodilla.testing.shape.Circle.&lt;init&gt;(Circle.java:14)
	at com.kodilla.testing.shape.Circle.&lt;init&gt;(Circle.java:14)
	at com.kodilla.testing.shape.Circle.&lt;init&gt;(Circle.java:14)
	at com.kodilla.testing.shape.Circle.&lt;init&gt;(Circle.java:14)
	at com.kodilla.testing.shape.Circle.&lt;init&gt;(Circle.java:14)
	at com.kodilla.testing.shape.Circle.&lt;init&gt;(Circle.java:14)
	at com.kodilla.testing.shape.Circle.&lt;init&gt;(Circle.java:14)
	at com.kodilla.testing.shape.Circle.&lt;init&gt;(Circle.java:14)
	at com.kodilla.testing.shape.Circle.&lt;init&gt;(Circle.java:14)
	at com.kodilla.testing.shape.Circle.&lt;init&gt;(Circle.java:14)
	at com.kodilla.testing.shape.Circle.&lt;init&gt;(Circle.java:14)
	at com.kodilla.testing.shape.Circle.&lt;init&gt;(Circle.java:14)
	at com.kodilla.testing.shape.Circle.&lt;init&gt;(Circle.java:14)
	at com.kodilla.testing.shape.Circle.&lt;init&gt;(Circle.java:14)
	at com.kodilla.testing.shape.Circle.&lt;init&gt;(Circle.java:14)
	at com.kodilla.testing.shape.Circle.&lt;init&gt;(Circle.java:14)
	at com.kodilla.testing.shape.Circle.&lt;init&gt;(Circle.java:14)
	at com.kodilla.testing.shape.Circle.&lt;init&gt;(Circle.java:14)
	at com.kodilla.testing.shape.Circle.&lt;init&gt;(Circle.java:14)
	at com.kodilla.testing.shape.Circle.&lt;init&gt;(Circle.java:14)
	at com.kodilla.testing.shape.Circle.&lt;init&gt;(Circle.java:14)
	at com.kodilla.testing.shape.Circle.&lt;init&gt;(Circle.java:14)
	at com.kodilla.testing.shape.Circle.&lt;init&gt;(Circle.java:14)
	at com.kodilla.testing.shape.Circle.&lt;init&gt;(Circle.java:14)
	at com.kodilla.testing.shape.Circle.&lt;init&gt;(Circle.java:14)
	at com.kodilla.testing.shape.Circle.&lt;init&gt;(Circle.java:14)
	at com.kodilla.testing.shape.Circle.&lt;init&gt;(Circle.java:14)
	at com.kodilla.testing.shape.Circle.&lt;init&gt;(Circle.java:14)
	at com.kodilla.testing.shape.Circle.&lt;init&gt;(Circle.java:14)
	at com.kodilla.testing.shape.Circle.&lt;init&gt;(Circle.java:14)
	at com.kodilla.testing.shape.Circle.&lt;init&gt;(Circle.java:14)
	at com.kodilla.testing.shape.Circle.&lt;init&gt;(Circle.java:14)
	at com.kodilla.testing.shape.Circle.&lt;init&gt;(Circle.java:14)
	at com.kodilla.testing.shape.Circle.&lt;init&gt;(Circle.java:14)
	at com.kodilla.testing.shape.Circle.&lt;init&gt;(Circle.java:14)
	at com.kodilla.testing.shape.Circle.&lt;init&gt;(Circle.java:14)
	at com.kodilla.testing.shape.Circle.&lt;init&gt;(Circle.java:14)
	at com.kodilla.testing.shape.Circle.&lt;init&gt;(Circle.java:14)
	at com.kodilla.testing.shape.Circle.&lt;init&gt;(Circle.java:14)
	at com.kodilla.testing.shape.Circle.&lt;init&gt;(Circle.java:14)
	at com.kodilla.testing.shape.Circle.&lt;init&gt;(Circle.java:14)
	at com.kodilla.testing.shape.Circle.&lt;init&gt;(Circle.java:14)
	at com.kodilla.testing.shape.Circle.&lt;init&gt;(Circle.java:14)
	at com.kodilla.testing.shape.Circle.&lt;init&gt;(Circle.java:14)
	at com.kodilla.testing.shape.Circle.&lt;init&gt;(Circle.java:14)
	at com.kodilla.testing.shape.Circle.&lt;init&gt;(Circle.java:14)
	at com.kodilla.testing.shape.Circle.&lt;init&gt;(Circle.java:14)
	at com.kodilla.testing.shape.Circle.&lt;init&gt;(Circle.java:14)
	at com.kodilla.testing.shape.Circle.&lt;init&gt;(Circle.java:14)
	at com.kodilla.testing.shape.Circle.&lt;init&gt;(Circle.java:14)
	at com.kodilla.testing.shape.Circle.&lt;init&gt;(Circle.java:14)
	at com.kodilla.testing.shape.Circle.&lt;init&gt;(Circle.java:14)
	at com.kodilla.testing.shape.Circle.&lt;init&gt;(Circle.java:14)
	at com.kodilla.testing.shape.Circle.&lt;init&gt;(Circle.java:14)
	at com.kodilla.testing.shape.Circle.&lt;init&gt;(Circle.java:14)
	at com.kodilla.testing.shape.Circle.&lt;init&gt;(Circle.java:14)
	at com.kodilla.testing.shape.Circle.&lt;init&gt;(Circle.java:14)
	at com.kodilla.testing.shape.Circle.&lt;init&gt;(Circle.java:14)
	at com.kodilla.testing.shape.Circle.&lt;init&gt;(Circle.java:14)
	at com.kodilla.testing.shape.Circle.&lt;init&gt;(Circle.java:14)
	at com.kodilla.testing.shape.Circle.&lt;init&gt;(Circle.java:14)
	at com.kodilla.testing.shape.Circle.&lt;init&gt;(Circle.java:14)
	at com.kodilla.testing.shape.Circle.&lt;init&gt;(Circle.java:14)
	at com.kodilla.testing.shape.Circle.&lt;init&gt;(Circle.java:14)
	at com.kodilla.testing.shape.Circle.&lt;init&gt;(Circle.java:14)
	at com.kodilla.testing.shape.Circle.&lt;init&gt;(Circle.java:14)
	at com.kodilla.testing.shape.Circle.&lt;init&gt;(Circle.java:14)
	at com.kodilla.testing.shape.Circle.&lt;init&gt;(Circle.java:14)
	at com.kodilla.testing.shape.Circle.&lt;init&gt;(Circle.java:14)
	at com.kodilla.testing.shape.Circle.&lt;init&gt;(Circle.java:14)
	at com.kodilla.testing.shape.Circle.&lt;init&gt;(Circle.java:14)
	at com.kodilla.testing.shape.Circle.&lt;init&gt;(Circle.java:14)
	at com.kodilla.testing.shape.Circle.&lt;init&gt;(Circle.java:14)
	at com.kodilla.testing.shape.Circle.&lt;init&gt;(Circle.java:14)
	at com.kodilla.testing.shape.Circle.&lt;init&gt;(Circle.java:14)
	at com.kodilla.testing.shape.Circle.&lt;init&gt;(Circle.java:14)
	at com.kodilla.testing.shape.Circle.&lt;init&gt;(Circle.java:14)
	at com.kodilla.testing.shape.Circle.&lt;init&gt;(Circle.java:14)
	at com.kodilla.testing.shape.Circle.&lt;init&gt;(Circle.java:14)
	at com.kodilla.testing.shape.Circle.&lt;init&gt;(Circle.java:14)
	at com.kodilla.testing.shape.Circle.&lt;init&gt;(Circle.java:14)
	at com.kodilla.testing.shape.Circle.&lt;init&gt;(Circle.java:14)
	at com.kodilla.testing.shape.Circle.&lt;init&gt;(Circle.java:14)
	at com.kodilla.testing.shape.Circle.&lt;init&gt;(Circle.java:14)
	at com.kodilla.testing.shape.Circle.&lt;init&gt;(Circle.java:14)
	at com.kodilla.testing.shape.Circle.&lt;init&gt;(Circle.java:14)
	at com.kodilla.testing.shape.Circle.&lt;init&gt;(Circle.java:14)
	at com.kodilla.testing.shape.Circle.&lt;init&gt;(Circle.java:14)
	at com.kodilla.testing.shape.Circle.&lt;init&gt;(Circle.java:14)
	at com.kodilla.testing.shape.Circle.&lt;init&gt;(Circle.java:14)
	at com.kodilla.testing.shape.Circle.&lt;init&gt;(Circle.java:14)
	at com.kodilla.testing.shape.Circle.&lt;init&gt;(Circle.java:14)
	at com.kodilla.testing.shape.Circle.&lt;init&gt;(Circle.java:14)
	at com.kodilla.testing.shape.Circle.&lt;init&gt;(Circle.java:14)
	at com.kodilla.testing.shape.Circle.&lt;init&gt;(Circle.java:14)
	at com.kodilla.testing.shape.Circle.&lt;init&gt;(Circle.java:14)
	at com.kodilla.testing.shape.Circle.&lt;init&gt;(Circle.java:14)
	at com.kodilla.testing.shape.Circle.&lt;init&gt;(Circle.java:14)
	at com.kodilla.testing.shape.Circle.&lt;init&gt;(Circle.java:14)
	at com.kodilla.testing.shape.Circle.&lt;init&gt;(Circle.java:14)
	at com.kodilla.testing.shape.Circle.&lt;init&gt;(Circle.java:14)
	at com.kodilla.testing.shape.Circle.&lt;init&gt;(Circle.java:14)
	at com.kodilla.testing.shape.Circle.&lt;init&gt;(Circle.java:14)
	at com.kodilla.testing.shape.Circle.&lt;init&gt;(Circle.java:14)
	at com.kodilla.testing.shape.Circle.&lt;init&gt;(Circle.java:14)
	at com.kodilla.testing.shape.Circle.&lt;init&gt;(Circle.java:14)
	at com.kodilla.testing.shape.Circle.&lt;init&gt;(Circle.java:14)
</failure>
  </testcase>
  <system-out><![CDATA[This is the beginning of tests. Poczatek!
Preparing to execute test. Numer TESTU:  #1
Preparing to execute test. Numer TESTU:  #2
Preparing to execute test. Numer TESTU:  #3
Preparing to execute test. Numer TESTU:  #4
All tests are finished. Testy ZAKONCZONE
]]></system-out>
  <system-err><![CDATA[]]></system-err>
</testsuite>
